{"meta": {"format": 3, "version": "7.10.7", "timestamp": "2025-11-06T20:55:05.574256", "branch_coverage": false, "show_contexts": false}, "files": {"src/vasttams/__init__.py": {"executed_lines": [1, 10, 11, 12, 16], "summary": {"covered_lines": 4, "num_statements": 4, "percent_covered": 100.0, "percent_covered_display": "100", "missing_lines": 0, "excluded_lines": 0}, "missing_lines": [], "excluded_lines": [], "functions": {"": {"executed_lines": [1, 10, 11, 12, 16], "summary": {"covered_lines": 4, "num_statements": 4, "percent_covered": 100.0, "percent_covered_display": "100", "missing_lines": 0, "excluded_lines": 0}, "missing_lines": [], "excluded_lines": []}}, "classes": {"": {"executed_lines": [1, 10, 11, 12, 16], "summary": {"covered_lines": 4, "num_statements": 4, "percent_covered": 100.0, "percent_covered_display": "100", "missing_lines": 0, "excluded_lines": 0}, "missing_lines": [], "excluded_lines": []}}}, "src/vasttams/analytics/__init__.py": {"executed_lines": [1, 8, 9, 10, 12], "summary": {"covered_lines": 4, "num_statements": 4, "percent_covered": 100.0, "percent_covered_display": "100", "missing_lines": 0, "excluded_lines": 0}, "missing_lines": [], "excluded_lines": [], "functions": {"": {"executed_lines": [1, 8, 9, 10, 12], "summary": {"covered_lines": 4, "num_statements": 4, "percent_covered": 100.0, "percent_covered_display": "100", "missing_lines": 0, "excluded_lines": 0}, "missing_lines": [], "excluded_lines": []}}, "classes": {"": {"executed_lines": [1, 8, 9, 10, 12], "summary": {"covered_lines": 4, "num_statements": 4, "percent_covered": 100.0, "percent_covered_display": "100", "missing_lines": 0, "excluded_lines": 0}, "missing_lines": [], "excluded_lines": []}}}, "src/vasttams/analytics/models.py": {"executed_lines": [1, 7, 8, 9, 12, 13, 14, 15, 16, 17, 18, 19, 20, 23, 24, 25, 26, 27, 28, 29, 30, 33, 34, 35, 36, 37, 38, 39, 40, 41, 42, 45, 46, 47, 48, 49, 50, 51, 52, 55, 56, 57, 58, 59, 60, 61, 64, 65, 66, 67, 68, 69, 70, 71, 74, 75, 76, 77, 78, 79, 80, 81, 82, 83], "summary": {"covered_lines": 56, "num_statements": 56, "percent_covered": 100.0, "percent_covered_display": "100", "missing_lines": 0, "excluded_lines": 0}, "missing_lines": [], "excluded_lines": [], "functions": {"": {"executed_lines": [1, 7, 8, 9, 12, 13, 14, 15, 16, 17, 18, 19, 20, 23, 24, 25, 26, 27, 28, 29, 30, 33, 34, 35, 36, 37, 38, 39, 40, 41, 42, 45, 46, 47, 48, 49, 50, 51, 52, 55, 56, 57, 58, 59, 60, 61, 64, 65, 66, 67, 68, 69, 70, 71, 74, 75, 76, 77, 78, 79, 80, 81, 82, 83], "summary": {"covered_lines": 56, "num_statements": 56, "percent_covered": 100.0, "percent_covered_display": "100", "missing_lines": 0, "excluded_lines": 0}, "missing_lines": [], "excluded_lines": []}}, "classes": {"StorageStatistics": {"executed_lines": [], "summary": {"covered_lines": 0, "num_statements": 0, "percent_covered": 100.0, "percent_covered_display": "100", "missing_lines": 0, "excluded_lines": 0}, "missing_lines": [], "excluded_lines": []}, "FormatBreakdown": {"executed_lines": [], "summary": {"covered_lines": 0, "num_statements": 0, "percent_covered": 100.0, "percent_covered_display": "100", "missing_lines": 0, "excluded_lines": 0}, "missing_lines": [], "excluded_lines": []}, "TimeStatistics": {"executed_lines": [], "summary": {"covered_lines": 0, "num_statements": 0, "percent_covered": 100.0, "percent_covered_display": "100", "missing_lines": 0, "excluded_lines": 0}, "missing_lines": [], "excluded_lines": []}, "CountStatistics": {"executed_lines": [], "summary": {"covered_lines": 0, "num_statements": 0, "percent_covered": 100.0, "percent_covered_display": "100", "missing_lines": 0, "excluded_lines": 0}, "missing_lines": [], "excluded_lines": []}, "AnalyticsSummary": {"executed_lines": [], "summary": {"covered_lines": 0, "num_statements": 0, "percent_covered": 100.0, "percent_covered_display": "100", "missing_lines": 0, "excluded_lines": 0}, "missing_lines": [], "excluded_lines": []}, "SourceAnalytics": {"executed_lines": [], "summary": {"covered_lines": 0, "num_statements": 0, "percent_covered": 100.0, "percent_covered_display": "100", "missing_lines": 0, "excluded_lines": 0}, "missing_lines": [], "excluded_lines": []}, "FlowAnalytics": {"executed_lines": [], "summary": {"covered_lines": 0, "num_statements": 0, "percent_covered": 100.0, "percent_covered_display": "100", "missing_lines": 0, "excluded_lines": 0}, "missing_lines": [], "excluded_lines": []}, "": {"executed_lines": [1, 7, 8, 9, 12, 13, 14, 15, 16, 17, 18, 19, 20, 23, 24, 25, 26, 27, 28, 29, 30, 33, 34, 35, 36, 37, 38, 39, 40, 41, 42, 45, 46, 47, 48, 49, 50, 51, 52, 55, 56, 57, 58, 59, 60, 61, 64, 65, 66, 67, 68, 69, 70, 71, 74, 75, 76, 77, 78, 79, 80, 81, 82, 83], "summary": {"covered_lines": 56, "num_statements": 56, "percent_covered": 100.0, "percent_covered_display": "100", "missing_lines": 0, "excluded_lines": 0}, "missing_lines": [], "excluded_lines": []}}}, "src/vasttams/analytics/router.py": {"executed_lines": [1, 7, 8, 9, 11, 12, 13, 14, 15, 17, 19, 22, 23, 45, 46, 68, 69], "summary": {"covered_lines": 16, "num_statements": 37, "percent_covered": 43.24324324324324, "percent_covered_display": "43", "missing_lines": 21, "excluded_lines": 0}, "missing_lines": [36, 37, 38, 39, 40, 41, 42, 59, 60, 61, 62, 63, 64, 65, 83, 84, 85, 86, 87, 88, 89], "excluded_lines": [], "functions": {"get_analytics_summary": {"executed_lines": [], "summary": {"covered_lines": 0, "num_statements": 7, "percent_covered": 0.0, "percent_covered_display": "0", "missing_lines": 7, "excluded_lines": 0}, "missing_lines": [36, 37, 38, 39, 40, 41, 42], "excluded_lines": []}, "get_source_analytics": {"executed_lines": [], "summary": {"covered_lines": 0, "num_statements": 7, "percent_covered": 0.0, "percent_covered_display": "0", "missing_lines": 7, "excluded_lines": 0}, "missing_lines": [59, 60, 61, 62, 63, 64, 65], "excluded_lines": []}, "get_flow_analytics": {"executed_lines": [], "summary": {"covered_lines": 0, "num_statements": 7, "percent_covered": 0.0, "percent_covered_display": "0", "missing_lines": 7, "excluded_lines": 0}, "missing_lines": [83, 84, 85, 86, 87, 88, 89], "excluded_lines": []}, "": {"executed_lines": [1, 7, 8, 9, 11, 12, 13, 14, 15, 17, 19, 22, 23, 45, 46, 68, 69], "summary": {"covered_lines": 16, "num_statements": 16, "percent_covered": 100.0, "percent_covered_display": "100", "missing_lines": 0, "excluded_lines": 0}, "missing_lines": [], "excluded_lines": []}}, "classes": {"": {"executed_lines": [1, 7, 8, 9, 11, 12, 13, 14, 15, 17, 19, 22, 23, 45, 46, 68, 69], "summary": {"covered_lines": 16, "num_statements": 37, "percent_covered": 43.24324324324324, "percent_covered_display": "43", "missing_lines": 21, "excluded_lines": 0}, "missing_lines": [36, 37, 38, 39, 40, 41, 42, 59, 60, 61, 62, 63, 64, 65, 83, 84, 85, 86, 87, 88, 89], "excluded_lines": []}}}, "src/vasttams/analytics/service.py": {"executed_lines": [1, 7, 8, 9, 10, 20, 23, 24, 26, 27, 29, 31, 35, 36, 41, 43, 44, 45, 46, 47, 48, 49, 50, 51, 52, 53, 54, 86, 235, 285, 322, 398], "summary": {"covered_lines": 30, "num_statements": 188, "percent_covered": 15.957446808510639, "percent_covered_display": "16", "missing_lines": 158, "excluded_lines": 0}, "missing_lines": [32, 33, 37, 38, 55, 56, 58, 59, 61, 63, 65, 71, 72, 73, 74, 75, 76, 77, 79, 80, 81, 83, 84, 88, 89, 90, 91, 92, 100, 126, 127, 128, 129, 130, 131, 133, 135, 136, 138, 145, 146, 149, 150, 151, 152, 154, 155, 156, 157, 159, 160, 161, 162, 163, 164, 165, 168, 169, 170, 171, 173, 175, 176, 177, 178, 179, 180, 181, 184, 185, 187, 225, 226, 228, 237, 238, 239, 240, 243, 258, 259, 261, 262, 265, 266, 268, 269, 270, 279, 281, 282, 283, 287, 288, 290, 291, 292, 294, 297, 298, 300, 301, 302, 303, 304, 306, 307, 309, 310, 311, 312, 313, 315, 316, 317, 318, 320, 324, 325, 326, 333, 360, 361, 362, 364, 365, 366, 369, 370, 372, 374, 375, 376, 377, 378, 379, 381, 392, 394, 395, 396, 400, 401, 402, 403, 404, 405, 407, 408, 409, 411, 412, 413, 414, 415, 416, 417, 418], "excluded_lines": [], "functions": {"AnalyticsService.__init__": {"executed_lines": [27], "summary": {"covered_lines": 1, "num_statements": 1, "percent_covered": 100.0, "percent_covered_display": "100", "missing_lines": 0, "excluded_lines": 0}, "missing_lines": [], "excluded_lines": []}, "AnalyticsService._parse_sql_result": {"executed_lines": [31, 35, 36, 41, 43, 44, 45, 46, 47, 48, 49, 50, 51, 52, 53, 54], "summary": {"covered_lines": 16, "num_statements": 39, "percent_covered": 41.02564102564103, "percent_covered_display": "41", "missing_lines": 23, "excluded_lines": 0}, "missing_lines": [32, 33, 37, 38, 55, 56, 58, 59, 61, 63, 65, 71, 72, 73, 74, 75, 76, 77, 79, 80, 81, 83, 84], "excluded_lines": []}, "AnalyticsService.get_summary": {"executed_lines": [], "summary": {"covered_lines": 0, "num_statements": 37, "percent_covered": 0.0, "percent_covered_display": "0", "missing_lines": 37, "excluded_lines": 0}, "missing_lines": [88, 89, 90, 91, 92, 100, 126, 127, 128, 129, 130, 131, 133, 135, 136, 138, 145, 146, 149, 168, 169, 170, 171, 173, 175, 176, 177, 178, 179, 180, 181, 184, 185, 187, 225, 226, 228], "excluded_lines": []}, "AnalyticsService.get_summary.get_value": {"executed_lines": [], "summary": {"covered_lines": 0, "num_statements": 14, "percent_covered": 0.0, "percent_covered_display": "0", "missing_lines": 14, "excluded_lines": 0}, "missing_lines": [150, 151, 152, 154, 155, 156, 157, 159, 160, 161, 162, 163, 164, 165], "excluded_lines": []}, "AnalyticsService.get_source_analytics": {"executed_lines": [], "summary": {"covered_lines": 0, "num_statements": 18, "percent_covered": 0.0, "percent_covered_display": "0", "missing_lines": 18, "excluded_lines": 0}, "missing_lines": [237, 238, 239, 240, 243, 258, 259, 261, 262, 265, 266, 268, 269, 270, 279, 281, 282, 283], "excluded_lines": []}, "AnalyticsService._calculate_duration_from_timeranges": {"executed_lines": [], "summary": {"covered_lines": 0, "num_statements": 25, "percent_covered": 0.0, "percent_covered_display": "0", "missing_lines": 25, "excluded_lines": 0}, "missing_lines": [287, 288, 290, 291, 292, 294, 297, 298, 300, 301, 302, 303, 304, 306, 307, 309, 310, 311, 312, 313, 315, 316, 317, 318, 320], "excluded_lines": []}, "AnalyticsService.get_flow_analytics": {"executed_lines": [], "summary": {"covered_lines": 0, "num_statements": 24, "percent_covered": 0.0, "percent_covered_display": "0", "missing_lines": 24, "excluded_lines": 0}, "missing_lines": [324, 325, 326, 333, 360, 361, 362, 364, 365, 366, 369, 370, 372, 374, 375, 376, 377, 378, 379, 381, 392, 394, 395, 396], "excluded_lines": []}, "AnalyticsService._parse_datetime": {"executed_lines": [], "summary": {"covered_lines": 0, "num_statements": 17, "percent_covered": 0.0, "percent_covered_display": "0", "missing_lines": 17, "excluded_lines": 0}, "missing_lines": [400, 401, 402, 403, 404, 405, 407, 408, 409, 411, 412, 413, 414, 415, 416, 417, 418], "excluded_lines": []}, "": {"executed_lines": [1, 7, 8, 9, 10, 20, 23, 24, 26, 29, 86, 235, 285, 322, 398], "summary": {"covered_lines": 13, "num_statements": 13, "percent_covered": 100.0, "percent_covered_display": "100", "missing_lines": 0, "excluded_lines": 0}, "missing_lines": [], "excluded_lines": []}}, "classes": {"AnalyticsService": {"executed_lines": [27, 31, 35, 36, 41, 43, 44, 45, 46, 47, 48, 49, 50, 51, 52, 53, 54], "summary": {"covered_lines": 17, "num_statements": 175, "percent_covered": 9.714285714285714, "percent_covered_display": "10", "missing_lines": 158, "excluded_lines": 0}, "missing_lines": [32, 33, 37, 38, 55, 56, 58, 59, 61, 63, 65, 71, 72, 73, 74, 75, 76, 77, 79, 80, 81, 83, 84, 88, 89, 90, 91, 92, 100, 126, 127, 128, 129, 130, 131, 133, 135, 136, 138, 145, 146, 149, 150, 151, 152, 154, 155, 156, 157, 159, 160, 161, 162, 163, 164, 165, 168, 169, 170, 171, 173, 175, 176, 177, 178, 179, 180, 181, 184, 185, 187, 225, 226, 228, 237, 238, 239, 240, 243, 258, 259, 261, 262, 265, 266, 268, 269, 270, 279, 281, 282, 283, 287, 288, 290, 291, 292, 294, 297, 298, 300, 301, 302, 303, 304, 306, 307, 309, 310, 311, 312, 313, 315, 316, 317, 318, 320, 324, 325, 326, 333, 360, 361, 362, 364, 365, 366, 369, 370, 372, 374, 375, 376, 377, 378, 379, 381, 392, 394, 395, 396, 400, 401, 402, 403, 404, 405, 407, 408, 409, 411, 412, 413, 414, 415, 416, 417, 418], "excluded_lines": []}, "": {"executed_lines": [1, 7, 8, 9, 10, 20, 23, 24, 26, 29, 86, 235, 285, 322, 398], "summary": {"covered_lines": 13, "num_statements": 13, "percent_covered": 100.0, "percent_covered_display": "100", "missing_lines": 0, "excluded_lines": 0}, "missing_lines": [], "excluded_lines": []}}}, "src/vasttams/auth/__init__.py": {"executed_lines": [1, 6, 7, 9], "summary": {"covered_lines": 3, "num_statements": 3, "percent_covered": 100.0, "percent_covered_display": "100", "missing_lines": 0, "excluded_lines": 0}, "missing_lines": [], "excluded_lines": [], "functions": {"": {"executed_lines": [1, 6, 7, 9], "summary": {"covered_lines": 3, "num_statements": 3, "percent_covered": 100.0, "percent_covered_display": "100", "missing_lines": 0, "excluded_lines": 0}, "missing_lines": [], "excluded_lines": []}}, "classes": {"": {"executed_lines": [1, 6, 7, 9], "summary": {"covered_lines": 3, "num_statements": 3, "percent_covered": 100.0, "percent_covered_display": "100", "missing_lines": 0, "excluded_lines": 0}, "missing_lines": [], "excluded_lines": []}}}, "src/vasttams/auth/core.py": {"executed_lines": [1, 5, 6, 7, 8, 10, 12, 14, 15, 17, 18, 22, 23, 27, 28, 32, 33, 35, 36, 37, 39, 41, 42, 45], "summary": {"covered_lines": 21, "num_statements": 45, "percent_covered": 46.666666666666664, "percent_covered_display": "47", "missing_lines": 24, "excluded_lines": 0}, "missing_lines": [20, 25, 30, 43, 47, 48, 50, 51, 52, 53, 54, 56, 57, 58, 60, 61, 62, 64, 65, 66, 67, 68, 70, 71], "excluded_lines": [], "functions": {"AuthProvider.authenticate": {"executed_lines": [], "summary": {"covered_lines": 0, "num_statements": 1, "percent_covered": 0.0, "percent_covered_display": "0", "missing_lines": 1, "excluded_lines": 0}, "missing_lines": [20], "excluded_lines": []}, "AuthProvider.is_enabled": {"executed_lines": [], "summary": {"covered_lines": 0, "num_statements": 1, "percent_covered": 0.0, "percent_covered_display": "0", "missing_lines": 1, "excluded_lines": 0}, "missing_lines": [25], "excluded_lines": []}, "AuthProvider.get_method": {"executed_lines": [], "summary": {"covered_lines": 0, "num_statements": 1, "percent_covered": 0.0, "percent_covered_display": "0", "missing_lines": 1, "excluded_lines": 0}, "missing_lines": [30], "excluded_lines": []}, "AuthManager.__init__": {"executed_lines": [36, 37], "summary": {"covered_lines": 2, "num_statements": 2, "percent_covered": 100.0, "percent_covered_display": "100", "missing_lines": 0, "excluded_lines": 0}, "missing_lines": [], "excluded_lines": []}, "AuthManager.add_provider": {"executed_lines": [41, 42], "summary": {"covered_lines": 2, "num_statements": 3, "percent_covered": 66.66666666666667, "percent_covered_display": "67", "missing_lines": 1, "excluded_lines": 0}, "missing_lines": [43], "excluded_lines": []}, "AuthManager.authenticate": {"executed_lines": [], "summary": {"covered_lines": 0, "num_statements": 20, "percent_covered": 0.0, "percent_covered_display": "0", "missing_lines": 20, "excluded_lines": 0}, "missing_lines": [47, 48, 50, 51, 52, 53, 54, 56, 57, 58, 60, 61, 62, 64, 65, 66, 67, 68, 70, 71], "excluded_lines": []}, "": {"executed_lines": [1, 5, 6, 7, 8, 10, 12, 14, 15, 17, 18, 22, 23, 27, 28, 32, 33, 35, 39, 45], "summary": {"covered_lines": 17, "num_statements": 17, "percent_covered": 100.0, "percent_covered_display": "100", "missing_lines": 0, "excluded_lines": 0}, "missing_lines": [], "excluded_lines": []}}, "classes": {"AuthProvider": {"executed_lines": [], "summary": {"covered_lines": 0, "num_statements": 3, "percent_covered": 0.0, "percent_covered_display": "0", "missing_lines": 3, "excluded_lines": 0}, "missing_lines": [20, 25, 30], "excluded_lines": []}, "AuthManager": {"executed_lines": [36, 37, 41, 42], "summary": {"covered_lines": 4, "num_statements": 25, "percent_covered": 16.0, "percent_covered_display": "16", "missing_lines": 21, "excluded_lines": 0}, "missing_lines": [43, 47, 48, 50, 51, 52, 53, 54, 56, 57, 58, 60, 61, 62, 64, 65, 66, 67, 68, 70, 71], "excluded_lines": []}, "": {"executed_lines": [1, 5, 6, 7, 8, 10, 12, 14, 15, 17, 18, 22, 23, 27, 28, 32, 33, 35, 39, 45], "summary": {"covered_lines": 17, "num_statements": 17, "percent_covered": 100.0, "percent_covered_display": "100", "missing_lines": 0, "excluded_lines": 0}, "missing_lines": [], "excluded_lines": []}}}, "src/vasttams/auth/dependencies.py": {"executed_lines": [1, 5, 6, 7, 9, 10, 11, 12, 13, 14, 15, 17, 20, 22, 43, 45, 47, 49, 55, 62, 63], "summary": {"covered_lines": 20, "num_statements": 38, "percent_covered": 52.63157894736842, "percent_covered_display": "53", "missing_lines": 18, "excluded_lines": 0}, "missing_lines": [25, 26, 27, 29, 32, 33, 34, 36, 38, 39, 41, 46, 51, 52, 53, 57, 58, 59], "excluded_lines": [], "functions": {"get_auth_manager": {"executed_lines": [], "summary": {"covered_lines": 0, "num_statements": 11, "percent_covered": 0.0, "percent_covered_display": "0", "missing_lines": 11, "excluded_lines": 0}, "missing_lines": [25, 26, 27, 29, 32, 33, 34, 36, 38, 39, 41], "excluded_lines": []}, "get_jwt_provider": {"executed_lines": [45, 47], "summary": {"covered_lines": 2, "num_statements": 3, "percent_covered": 66.66666666666667, "percent_covered_display": "67", "missing_lines": 1, "excluded_lines": 0}, "missing_lines": [46], "excluded_lines": []}, "get_basic_provider": {"executed_lines": [], "summary": {"covered_lines": 0, "num_statements": 3, "percent_covered": 0.0, "percent_covered_display": "0", "missing_lines": 3, "excluded_lines": 0}, "missing_lines": [51, 52, 53], "excluded_lines": []}, "get_url_token_provider": {"executed_lines": [], "summary": {"covered_lines": 0, "num_statements": 3, "percent_covered": 0.0, "percent_covered_display": "0", "missing_lines": 3, "excluded_lines": 0}, "missing_lines": [57, 58, 59], "excluded_lines": []}, "": {"executed_lines": [1, 5, 6, 7, 9, 10, 11, 12, 13, 14, 15, 17, 20, 22, 43, 49, 55, 62, 63], "summary": {"covered_lines": 18, "num_statements": 18, "percent_covered": 100.0, "percent_covered_display": "100", "missing_lines": 0, "excluded_lines": 0}, "missing_lines": [], "excluded_lines": []}}, "classes": {"": {"executed_lines": [1, 5, 6, 7, 9, 10, 11, 12, 13, 14, 15, 17, 20, 22, 43, 45, 47, 49, 55, 62, 63], "summary": {"covered_lines": 20, "num_statements": 38, "percent_covered": 52.63157894736842, "percent_covered_display": "53", "missing_lines": 18, "excluded_lines": 0}, "missing_lines": [25, 26, 27, 29, 32, 33, 34, 36, 38, 39, 41, 46, 51, 52, 53, 57, 58, 59], "excluded_lines": []}}}, "src/vasttams/auth/middleware.py": {"executed_lines": [1, 5, 6, 7, 8, 10, 11, 13, 15, 16, 18, 19, 20, 21, 24, 72, 84, 91], "summary": {"covered_lines": 16, "num_statements": 52, "percent_covered": 30.76923076923077, "percent_covered_display": "31", "missing_lines": 36, "excluded_lines": 0}, "missing_lines": [22, 27, 28, 31, 32, 33, 34, 37, 38, 40, 42, 43, 44, 45, 47, 48, 49, 52, 53, 57, 59, 67, 69, 70, 74, 82, 86, 87, 88, 89, 93, 94, 95, 97, 98, 100], "excluded_lines": [], "functions": {"AuthMiddleware.__init__": {"executed_lines": [19, 20, 21], "summary": {"covered_lines": 3, "num_statements": 4, "percent_covered": 75.0, "percent_covered_display": "75", "missing_lines": 1, "excluded_lines": 0}, "missing_lines": [22], "excluded_lines": []}, "AuthMiddleware.__call__": {"executed_lines": [], "summary": {"covered_lines": 0, "num_statements": 23, "percent_covered": 0.0, "percent_covered_display": "0", "missing_lines": 23, "excluded_lines": 0}, "missing_lines": [27, 28, 31, 32, 33, 34, 37, 38, 40, 42, 43, 44, 45, 47, 48, 49, 52, 53, 57, 59, 67, 69, 70], "excluded_lines": []}, "AuthMiddleware._should_skip_auth": {"executed_lines": [], "summary": {"covered_lines": 0, "num_statements": 2, "percent_covered": 0.0, "percent_covered_display": "0", "missing_lines": 2, "excluded_lines": 0}, "missing_lines": [74, 82], "excluded_lines": []}, "get_current_user_session": {"executed_lines": [], "summary": {"covered_lines": 0, "num_statements": 4, "percent_covered": 0.0, "percent_covered_display": "0", "missing_lines": 4, "excluded_lines": 0}, "missing_lines": [86, 87, 88, 89], "excluded_lines": []}, "require_authentication": {"executed_lines": [], "summary": {"covered_lines": 0, "num_statements": 6, "percent_covered": 0.0, "percent_covered_display": "0", "missing_lines": 6, "excluded_lines": 0}, "missing_lines": [93, 94, 95, 97, 98, 100], "excluded_lines": []}, "": {"executed_lines": [1, 5, 6, 7, 8, 10, 11, 13, 15, 16, 18, 24, 72, 84, 91], "summary": {"covered_lines": 13, "num_statements": 13, "percent_covered": 100.0, "percent_covered_display": "100", "missing_lines": 0, "excluded_lines": 0}, "missing_lines": [], "excluded_lines": []}}, "classes": {"AuthMiddleware": {"executed_lines": [19, 20, 21], "summary": {"covered_lines": 3, "num_statements": 29, "percent_covered": 10.344827586206897, "percent_covered_display": "10", "missing_lines": 26, "excluded_lines": 0}, "missing_lines": [22, 27, 28, 31, 32, 33, 34, 37, 38, 40, 42, 43, 44, 45, 47, 48, 49, 52, 53, 57, 59, 67, 69, 70, 74, 82], "excluded_lines": []}, "": {"executed_lines": [1, 5, 6, 7, 8, 10, 11, 13, 15, 16, 18, 24, 72, 84, 91], "summary": {"covered_lines": 13, "num_statements": 23, "percent_covered": 56.52173913043478, "percent_covered_display": "57", "missing_lines": 10, "excluded_lines": 0}, "missing_lines": [86, 87, 88, 89, 93, 94, 95, 97, 98, 100], "excluded_lines": []}}}, "src/vasttams/auth/models.py": {"executed_lines": [1, 3, 4, 5, 6, 7, 10, 11, 12, 13, 15, 16, 17, 18, 19, 20, 22, 23, 24, 25, 26, 28, 29, 30, 31, 32, 33, 34, 35, 36, 38, 39, 40, 41, 42, 43, 44, 45, 46, 48, 49, 50, 51, 52, 53, 54, 55, 56, 59, 60, 61, 62, 63, 64, 65, 66, 67, 68], "summary": {"covered_lines": 51, "num_statements": 51, "percent_covered": 100.0, "percent_covered_display": "100", "missing_lines": 0, "excluded_lines": 0}, "missing_lines": [], "excluded_lines": [], "functions": {"": {"executed_lines": [1, 3, 4, 5, 6, 7, 10, 11, 12, 13, 15, 16, 17, 18, 19, 20, 22, 23, 24, 25, 26, 28, 29, 30, 31, 32, 33, 34, 35, 36, 38, 39, 40, 41, 42, 43, 44, 45, 46, 48, 49, 50, 51, 52, 53, 54, 55, 56, 59, 60, 61, 62, 63, 64, 65, 66, 67, 68], "summary": {"covered_lines": 51, "num_statements": 51, "percent_covered": 100.0, "percent_covered_display": "100", "missing_lines": 0, "excluded_lines": 0}, "missing_lines": [], "excluded_lines": []}}, "classes": {"AuthMethod": {"executed_lines": [], "summary": {"covered_lines": 0, "num_statements": 0, "percent_covered": 100.0, "percent_covered_display": "100", "missing_lines": 0, "excluded_lines": 0}, "missing_lines": [], "excluded_lines": []}, "UserRole": {"executed_lines": [], "summary": {"covered_lines": 0, "num_statements": 0, "percent_covered": 100.0, "percent_covered_display": "100", "missing_lines": 0, "excluded_lines": 0}, "missing_lines": [], "excluded_lines": []}, "AuthResult": {"executed_lines": [], "summary": {"covered_lines": 0, "num_statements": 0, "percent_covered": 100.0, "percent_covered_display": "100", "missing_lines": 0, "excluded_lines": 0}, "missing_lines": [], "excluded_lines": []}, "AuthConfig": {"executed_lines": [], "summary": {"covered_lines": 0, "num_statements": 0, "percent_covered": 100.0, "percent_covered_display": "100", "missing_lines": 0, "excluded_lines": 0}, "missing_lines": [], "excluded_lines": []}, "UserSession": {"executed_lines": [], "summary": {"covered_lines": 0, "num_statements": 0, "percent_covered": 100.0, "percent_covered_display": "100", "missing_lines": 0, "excluded_lines": 0}, "missing_lines": [], "excluded_lines": []}, "User": {"executed_lines": [], "summary": {"covered_lines": 0, "num_statements": 0, "percent_covered": 100.0, "percent_covered_display": "100", "missing_lines": 0, "excluded_lines": 0}, "missing_lines": [], "excluded_lines": []}, "": {"executed_lines": [1, 3, 4, 5, 6, 7, 10, 11, 12, 13, 15, 16, 17, 18, 19, 20, 22, 23, 24, 25, 26, 28, 29, 30, 31, 32, 33, 34, 35, 36, 38, 39, 40, 41, 42, 43, 44, 45, 46, 48, 49, 50, 51, 52, 53, 54, 55, 56, 59, 60, 61, 62, 63, 64, 65, 66, 67, 68], "summary": {"covered_lines": 51, "num_statements": 51, "percent_covered": 100.0, "percent_covered_display": "100", "missing_lines": 0, "excluded_lines": 0}, "missing_lines": [], "excluded_lines": []}}}, "src/vasttams/auth/provider_config.py": {"executed_lines": [1, 8, 9, 10, 13, 14, 15, 17, 18, 19, 23, 24, 25, 28, 31, 32, 35, 36, 37, 39, 42, 43, 44, 46, 47, 48], "summary": {"covered_lines": 22, "num_statements": 22, "percent_covered": 100.0, "percent_covered_display": "100", "missing_lines": 0, "excluded_lines": 0}, "missing_lines": [], "excluded_lines": [], "functions": {"": {"executed_lines": [1, 8, 9, 10, 13, 14, 15, 17, 18, 19, 23, 24, 25, 28, 31, 32, 35, 36, 37, 39, 42, 43, 44, 46, 47, 48], "summary": {"covered_lines": 22, "num_statements": 22, "percent_covered": 100.0, "percent_covered_display": "100", "missing_lines": 0, "excluded_lines": 0}, "missing_lines": [], "excluded_lines": []}}, "classes": {"AuthProviderConfig": {"executed_lines": [], "summary": {"covered_lines": 0, "num_statements": 0, "percent_covered": 100.0, "percent_covered_display": "100", "missing_lines": 0, "excluded_lines": 0}, "missing_lines": [], "excluded_lines": []}, "AuthProviderConfigList": {"executed_lines": [], "summary": {"covered_lines": 0, "num_statements": 0, "percent_covered": 100.0, "percent_covered_display": "100", "missing_lines": 0, "excluded_lines": 0}, "missing_lines": [], "excluded_lines": []}, "AuthProviderConfigUpdate": {"executed_lines": [], "summary": {"covered_lines": 0, "num_statements": 0, "percent_covered": 100.0, "percent_covered_display": "100", "missing_lines": 0, "excluded_lines": 0}, "missing_lines": [], "excluded_lines": []}, "": {"executed_lines": [1, 8, 9, 10, 13, 14, 15, 17, 18, 19, 23, 24, 25, 28, 31, 32, 35, 36, 37, 39, 42, 43, 44, 46, 47, 48], "summary": {"covered_lines": 22, "num_statements": 22, "percent_covered": 100.0, "percent_covered_display": "100", "missing_lines": 0, "excluded_lines": 0}, "missing_lines": [], "excluded_lines": []}}}, "src/vasttams/auth/providers/__init__.py": {"executed_lines": [1, 5, 6, 7, 8, 10], "summary": {"covered_lines": 5, "num_statements": 5, "percent_covered": 100.0, "percent_covered_display": "100", "missing_lines": 0, "excluded_lines": 0}, "missing_lines": [], "excluded_lines": [], "functions": {"": {"executed_lines": [1, 5, 6, 7, 8, 10], "summary": {"covered_lines": 5, "num_statements": 5, "percent_covered": 100.0, "percent_covered_display": "100", "missing_lines": 0, "excluded_lines": 0}, "missing_lines": [], "excluded_lines": []}}, "classes": {"": {"executed_lines": [1, 5, 6, 7, 8, 10], "summary": {"covered_lines": 5, "num_statements": 5, "percent_covered": 100.0, "percent_covered_display": "100", "missing_lines": 0, "excluded_lines": 0}, "missing_lines": [], "excluded_lines": []}}}, "src/vasttams/auth/providers/base.py": {"executed_lines": [1, 5, 6, 7, 9, 11, 12, 14, 15, 19, 20, 24, 25], "summary": {"covered_lines": 11, "num_statements": 14, "percent_covered": 78.57142857142857, "percent_covered_display": "79", "missing_lines": 3, "excluded_lines": 0}, "missing_lines": [17, 22, 27], "excluded_lines": [], "functions": {"AuthProvider.authenticate": {"executed_lines": [], "summary": {"covered_lines": 0, "num_statements": 1, "percent_covered": 0.0, "percent_covered_display": "0", "missing_lines": 1, "excluded_lines": 0}, "missing_lines": [17], "excluded_lines": []}, "AuthProvider.is_enabled": {"executed_lines": [], "summary": {"covered_lines": 0, "num_statements": 1, "percent_covered": 0.0, "percent_covered_display": "0", "missing_lines": 1, "excluded_lines": 0}, "missing_lines": [22], "excluded_lines": []}, "AuthProvider.get_method": {"executed_lines": [], "summary": {"covered_lines": 0, "num_statements": 1, "percent_covered": 0.0, "percent_covered_display": "0", "missing_lines": 1, "excluded_lines": 0}, "missing_lines": [27], "excluded_lines": []}, "": {"executed_lines": [1, 5, 6, 7, 9, 11, 12, 14, 15, 19, 20, 24, 25], "summary": {"covered_lines": 11, "num_statements": 11, "percent_covered": 100.0, "percent_covered_display": "100", "missing_lines": 0, "excluded_lines": 0}, "missing_lines": [], "excluded_lines": []}}, "classes": {"AuthProvider": {"executed_lines": [], "summary": {"covered_lines": 0, "num_statements": 3, "percent_covered": 0.0, "percent_covered_display": "0", "missing_lines": 3, "excluded_lines": 0}, "missing_lines": [17, 22, 27], "excluded_lines": []}, "": {"executed_lines": [1, 5, 6, 7, 9, 11, 12, 14, 15, 19, 20, 24, 25], "summary": {"covered_lines": 11, "num_statements": 11, "percent_covered": 100.0, "percent_covered_display": "100", "missing_lines": 0, "excluded_lines": 0}, "missing_lines": [], "excluded_lines": []}}}, "src/vasttams/auth/providers/basic.py": {"executed_lines": [1, 5, 6, 7, 8, 9, 10, 11, 13, 14, 15, 17, 19, 20, 22, 24, 27, 30, 35, 36, 38, 42, 45, 50, 56, 68, 79, 101, 124], "summary": {"covered_lines": 27, "num_statements": 119, "percent_covered": 22.689075630252102, "percent_covered_display": "23", "missing_lines": 92, "excluded_lines": 0}, "missing_lines": [39, 43, 46, 47, 48, 52, 53, 54, 58, 59, 61, 63, 64, 66, 70, 71, 72, 73, 74, 75, 76, 77, 81, 82, 84, 86, 87, 88, 89, 90, 91, 92, 93, 96, 97, 98, 99, 103, 104, 106, 108, 109, 110, 111, 114, 115, 116, 117, 118, 120, 121, 122, 125, 126, 128, 130, 131, 132, 133, 135, 136, 137, 139, 140, 143, 144, 145, 146, 148, 150, 151, 152, 163, 164, 166, 167, 170, 171, 172, 174, 176, 177, 178, 189, 190, 192, 193, 195, 196, 198, 199, 200], "excluded_lines": [], "functions": {"BasicAuthProvider.__init__": {"executed_lines": [24, 27, 30, 35, 36, 38], "summary": {"covered_lines": 6, "num_statements": 7, "percent_covered": 85.71428571428571, "percent_covered_display": "86", "missing_lines": 1, "excluded_lines": 0}, "missing_lines": [39], "excluded_lines": []}, "BasicAuthProvider.get_method": {"executed_lines": [], "summary": {"covered_lines": 0, "num_statements": 1, "percent_covered": 0.0, "percent_covered_display": "0", "missing_lines": 1, "excluded_lines": 0}, "missing_lines": [43], "excluded_lines": []}, "BasicAuthProvider.is_enabled": {"executed_lines": [], "summary": {"covered_lines": 0, "num_statements": 3, "percent_covered": 0.0, "percent_covered_display": "0", "missing_lines": 3, "excluded_lines": 0}, "missing_lines": [46, 47, 48], "excluded_lines": []}, "BasicAuthProvider.set_enabled": {"executed_lines": [], "summary": {"covered_lines": 0, "num_statements": 3, "percent_covered": 0.0, "percent_covered_display": "0", "missing_lines": 3, "excluded_lines": 0}, "missing_lines": [52, 53, 54], "excluded_lines": []}, "BasicAuthProvider.hash_password": {"executed_lines": [], "summary": {"covered_lines": 0, "num_statements": 6, "percent_covered": 0.0, "percent_covered_display": "0", "missing_lines": 6, "excluded_lines": 0}, "missing_lines": [58, 59, 61, 63, 64, 66], "excluded_lines": []}, "BasicAuthProvider.verify_password": {"executed_lines": [], "summary": {"covered_lines": 0, "num_statements": 8, "percent_covered": 0.0, "percent_covered_display": "0", "missing_lines": 8, "excluded_lines": 0}, "missing_lines": [70, 71, 72, 73, 74, 75, 76, 77], "excluded_lines": []}, "BasicAuthProvider.add_user": {"executed_lines": [], "summary": {"covered_lines": 0, "num_statements": 15, "percent_covered": 0.0, "percent_covered_display": "0", "missing_lines": 15, "excluded_lines": 0}, "missing_lines": [81, 82, 84, 86, 87, 88, 89, 90, 91, 92, 93, 96, 97, 98, 99], "excluded_lines": []}, "BasicAuthProvider.remove_user": {"executed_lines": [], "summary": {"covered_lines": 0, "num_statements": 15, "percent_covered": 0.0, "percent_covered_display": "0", "missing_lines": 15, "excluded_lines": 0}, "missing_lines": [103, 104, 106, 108, 109, 110, 111, 114, 115, 116, 117, 118, 120, 121, 122], "excluded_lines": []}, "BasicAuthProvider.authenticate": {"executed_lines": [], "summary": {"covered_lines": 0, "num_statements": 40, "percent_covered": 0.0, "percent_covered_display": "0", "missing_lines": 40, "excluded_lines": 0}, "missing_lines": [125, 126, 128, 130, 131, 132, 133, 135, 136, 137, 139, 140, 143, 144, 145, 146, 148, 150, 151, 152, 163, 164, 166, 167, 170, 171, 172, 174, 176, 177, 178, 189, 190, 192, 193, 195, 196, 198, 199, 200], "excluded_lines": []}, "": {"executed_lines": [1, 5, 6, 7, 8, 9, 10, 11, 13, 14, 15, 17, 19, 20, 22, 42, 45, 50, 56, 68, 79, 101, 124], "summary": {"covered_lines": 21, "num_statements": 21, "percent_covered": 100.0, "percent_covered_display": "100", "missing_lines": 0, "excluded_lines": 0}, "missing_lines": [], "excluded_lines": []}}, "classes": {"BasicAuthProvider": {"executed_lines": [24, 27, 30, 35, 36, 38], "summary": {"covered_lines": 6, "num_statements": 98, "percent_covered": 6.122448979591836, "percent_covered_display": "6", "missing_lines": 92, "excluded_lines": 0}, "missing_lines": [39, 43, 46, 47, 48, 52, 53, 54, 58, 59, 61, 63, 64, 66, 70, 71, 72, 73, 74, 75, 76, 77, 81, 82, 84, 86, 87, 88, 89, 90, 91, 92, 93, 96, 97, 98, 99, 103, 104, 106, 108, 109, 110, 111, 114, 115, 116, 117, 118, 120, 121, 122, 125, 126, 128, 130, 131, 132, 133, 135, 136, 137, 139, 140, 143, 144, 145, 146, 148, 150, 151, 152, 163, 164, 166, 167, 170, 171, 172, 174, 176, 177, 178, 189, 190, 192, 193, 195, 196, 198, 199, 200], "excluded_lines": []}, "": {"executed_lines": [1, 5, 6, 7, 8, 9, 10, 11, 13, 14, 15, 17, 19, 20, 22, 42, 45, 50, 56, 68, 79, 101, 124], "summary": {"covered_lines": 21, "num_statements": 21, "percent_covered": 100.0, "percent_covered_display": "100", "missing_lines": 0, "excluded_lines": 0}, "missing_lines": [], "excluded_lines": []}}}, "src/vasttams/auth/providers/jwt.py": {"executed_lines": [1, 3, 4, 5, 6, 7, 8, 10, 11, 13, 16, 17, 18, 19, 21, 22, 24, 25, 26, 27, 28, 29, 31, 35, 36, 38, 39, 40, 43, 45, 51, 97], "summary": {"covered_lines": 30, "num_statements": 70, "percent_covered": 42.857142857142854, "percent_covered_display": "43", "missing_lines": 40, "excluded_lines": 0}, "missing_lines": [32, 41, 47, 48, 49, 52, 53, 55, 57, 58, 59, 60, 62, 63, 64, 66, 72, 73, 76, 77, 79, 87, 88, 89, 90, 91, 92, 93, 94, 95, 99, 100, 102, 104, 113, 114, 116, 122, 123, 125], "excluded_lines": [], "functions": {"JWTProvider.__init__": {"executed_lines": [25, 26, 27, 28, 29, 31], "summary": {"covered_lines": 6, "num_statements": 7, "percent_covered": 85.71428571428571, "percent_covered_display": "86", "missing_lines": 1, "excluded_lines": 0}, "missing_lines": [32], "excluded_lines": []}, "JWTProvider.get_method": {"executed_lines": [36], "summary": {"covered_lines": 1, "num_statements": 1, "percent_covered": 100.0, "percent_covered_display": "100", "missing_lines": 0, "excluded_lines": 0}, "missing_lines": [], "excluded_lines": []}, "JWTProvider.is_enabled": {"executed_lines": [39, 40, 43], "summary": {"covered_lines": 3, "num_statements": 4, "percent_covered": 75.0, "percent_covered_display": "75", "missing_lines": 1, "excluded_lines": 0}, "missing_lines": [41], "excluded_lines": []}, "JWTProvider.set_enabled": {"executed_lines": [], "summary": {"covered_lines": 0, "num_statements": 3, "percent_covered": 0.0, "percent_covered_display": "0", "missing_lines": 3, "excluded_lines": 0}, "missing_lines": [47, 48, 49], "excluded_lines": []}, "JWTProvider.authenticate": {"executed_lines": [], "summary": {"covered_lines": 0, "num_statements": 25, "percent_covered": 0.0, "percent_covered_display": "0", "missing_lines": 25, "excluded_lines": 0}, "missing_lines": [52, 53, 55, 57, 58, 59, 60, 62, 63, 64, 66, 72, 73, 76, 77, 79, 87, 88, 89, 90, 91, 92, 93, 94, 95], "excluded_lines": []}, "JWTProvider.create_token": {"executed_lines": [], "summary": {"covered_lines": 0, "num_statements": 10, "percent_covered": 0.0, "percent_covered_display": "0", "missing_lines": 10, "excluded_lines": 0}, "missing_lines": [99, 100, 102, 104, 113, 114, 116, 122, 123, 125], "excluded_lines": []}, "": {"executed_lines": [1, 3, 4, 5, 6, 7, 8, 10, 11, 13, 16, 17, 18, 19, 21, 22, 24, 35, 38, 45, 51, 97], "summary": {"covered_lines": 20, "num_statements": 20, "percent_covered": 100.0, "percent_covered_display": "100", "missing_lines": 0, "excluded_lines": 0}, "missing_lines": [], "excluded_lines": []}}, "classes": {"JWTProvider": {"executed_lines": [25, 26, 27, 28, 29, 31, 36, 39, 40, 43], "summary": {"covered_lines": 10, "num_statements": 50, "percent_covered": 20.0, "percent_covered_display": "20", "missing_lines": 40, "excluded_lines": 0}, "missing_lines": [32, 41, 47, 48, 49, 52, 53, 55, 57, 58, 59, 60, 62, 63, 64, 66, 72, 73, 76, 77, 79, 87, 88, 89, 90, 91, 92, 93, 94, 95, 99, 100, 102, 104, 113, 114, 116, 122, 123, 125], "excluded_lines": []}, "": {"executed_lines": [1, 3, 4, 5, 6, 7, 8, 10, 11, 13, 16, 17, 18, 19, 21, 22, 24, 35, 38, 45, 51, 97], "summary": {"covered_lines": 20, "num_statements": 20, "percent_covered": 100.0, "percent_covered_display": "100", "missing_lines": 0, "excluded_lines": 0}, "missing_lines": [], "excluded_lines": []}}}, "src/vasttams/auth/providers/url_token.py": {"executed_lines": [1, 5, 6, 7, 8, 9, 11, 12, 14, 16, 17, 19, 35, 38, 43, 49, 80, 103], "summary": {"covered_lines": 16, "num_statements": 89, "percent_covered": 17.97752808988764, "percent_covered_display": "18", "missing_lines": 73, "excluded_lines": 0}, "missing_lines": [21, 24, 29, 31, 32, 36, 39, 40, 41, 45, 46, 47, 51, 52, 54, 58, 72, 75, 76, 77, 78, 82, 83, 85, 87, 88, 89, 90, 93, 94, 95, 96, 97, 99, 100, 101, 104, 105, 108, 110, 111, 112, 113, 115, 116, 117, 120, 121, 122, 124, 125, 126, 129, 130, 131, 132, 133, 146, 147, 149, 150, 153, 154, 156, 157, 159, 171, 172, 174, 175, 177, 178, 180], "excluded_lines": [], "functions": {"URLTokenProvider.__init__": {"executed_lines": [], "summary": {"covered_lines": 0, "num_statements": 5, "percent_covered": 0.0, "percent_covered_display": "0", "missing_lines": 5, "excluded_lines": 0}, "missing_lines": [21, 24, 29, 31, 32], "excluded_lines": []}, "URLTokenProvider.get_method": {"executed_lines": [], "summary": {"covered_lines": 0, "num_statements": 1, "percent_covered": 0.0, "percent_covered_display": "0", "missing_lines": 1, "excluded_lines": 0}, "missing_lines": [36], "excluded_lines": []}, "URLTokenProvider.is_enabled": {"executed_lines": [], "summary": {"covered_lines": 0, "num_statements": 3, "percent_covered": 0.0, "percent_covered_display": "0", "missing_lines": 3, "excluded_lines": 0}, "missing_lines": [39, 40, 41], "excluded_lines": []}, "URLTokenProvider.set_enabled": {"executed_lines": [], "summary": {"covered_lines": 0, "num_statements": 3, "percent_covered": 0.0, "percent_covered_display": "0", "missing_lines": 3, "excluded_lines": 0}, "missing_lines": [45, 46, 47], "excluded_lines": []}, "URLTokenProvider.add_token": {"executed_lines": [], "summary": {"covered_lines": 0, "num_statements": 9, "percent_covered": 0.0, "percent_covered_display": "0", "missing_lines": 9, "excluded_lines": 0}, "missing_lines": [51, 52, 54, 58, 72, 75, 76, 77, 78], "excluded_lines": []}, "URLTokenProvider.remove_token": {"executed_lines": [], "summary": {"covered_lines": 0, "num_statements": 15, "percent_covered": 0.0, "percent_covered_display": "0", "missing_lines": 15, "excluded_lines": 0}, "missing_lines": [82, 83, 85, 87, 88, 89, 90, 93, 94, 95, 96, 97, 99, 100, 101], "excluded_lines": []}, "URLTokenProvider.authenticate": {"executed_lines": [], "summary": {"covered_lines": 0, "num_statements": 37, "percent_covered": 0.0, "percent_covered_display": "0", "missing_lines": 37, "excluded_lines": 0}, "missing_lines": [104, 105, 108, 110, 111, 112, 113, 115, 116, 117, 120, 121, 122, 124, 125, 126, 129, 130, 131, 132, 133, 146, 147, 149, 150, 153, 154, 156, 157, 159, 171, 172, 174, 175, 177, 178, 180], "excluded_lines": []}, "": {"executed_lines": [1, 5, 6, 7, 8, 9, 11, 12, 14, 16, 17, 19, 35, 38, 43, 49, 80, 103], "summary": {"covered_lines": 16, "num_statements": 16, "percent_covered": 100.0, "percent_covered_display": "100", "missing_lines": 0, "excluded_lines": 0}, "missing_lines": [], "excluded_lines": []}}, "classes": {"URLTokenProvider": {"executed_lines": [], "summary": {"covered_lines": 0, "num_statements": 73, "percent_covered": 0.0, "percent_covered_display": "0", "missing_lines": 73, "excluded_lines": 0}, "missing_lines": [21, 24, 29, 31, 32, 36, 39, 40, 41, 45, 46, 47, 51, 52, 54, 58, 72, 75, 76, 77, 78, 82, 83, 85, 87, 88, 89, 90, 93, 94, 95, 96, 97, 99, 100, 101, 104, 105, 108, 110, 111, 112, 113, 115, 116, 117, 120, 121, 122, 124, 125, 126, 129, 130, 131, 132, 133, 146, 147, 149, 150, 153, 154, 156, 157, 159, 171, 172, 174, 175, 177, 178, 180], "excluded_lines": []}, "": {"executed_lines": [1, 5, 6, 7, 8, 9, 11, 12, 14, 16, 17, 19, 35, 38, 43, 49, 80, 103], "summary": {"covered_lines": 16, "num_statements": 16, "percent_covered": 100.0, "percent_covered_display": "100", "missing_lines": 0, "excluded_lines": 0}, "missing_lines": [], "excluded_lines": []}}}, "src/vasttams/auth/rbac.py": {"executed_lines": [1, 7, 8, 9, 10, 11, 13, 16, 35, 37, 44, 47, 59, 65], "summary": {"covered_lines": 13, "num_statements": 35, "percent_covered": 37.142857142857146, "percent_covered_display": "37", "missing_lines": 22, "excluded_lines": 0}, "missing_lines": [18, 19, 20, 24, 29, 30, 32, 38, 42, 49, 50, 54, 56, 62, 82, 85, 86, 89, 90, 93, 94, 96], "excluded_lines": [], "functions": {"require_role": {"executed_lines": [], "summary": {"covered_lines": 0, "num_statements": 2, "percent_covered": 0.0, "percent_covered_display": "0", "missing_lines": 2, "excluded_lines": 0}, "missing_lines": [18, 32], "excluded_lines": []}, "require_role.role_checker": {"executed_lines": [], "summary": {"covered_lines": 0, "num_statements": 5, "percent_covered": 0.0, "percent_covered_display": "0", "missing_lines": 5, "excluded_lines": 0}, "missing_lines": [19, 20, 24, 29, 30], "excluded_lines": []}, "require_admin": {"executed_lines": [37, 44], "summary": {"covered_lines": 2, "num_statements": 4, "percent_covered": 50.0, "percent_covered_display": "50", "missing_lines": 2, "excluded_lines": 0}, "missing_lines": [38, 42], "excluded_lines": []}, "require_editor": {"executed_lines": [], "summary": {"covered_lines": 0, "num_statements": 4, "percent_covered": 0.0, "percent_covered_display": "0", "missing_lines": 4, "excluded_lines": 0}, "missing_lines": [49, 50, 54, 56], "excluded_lines": []}, "require_viewer": {"executed_lines": [], "summary": {"covered_lines": 0, "num_statements": 1, "percent_covered": 0.0, "percent_covered_display": "0", "missing_lines": 1, "excluded_lines": 0}, "missing_lines": [62], "excluded_lines": []}, "check_permission": {"executed_lines": [], "summary": {"covered_lines": 0, "num_statements": 8, "percent_covered": 0.0, "percent_covered_display": "0", "missing_lines": 8, "excluded_lines": 0}, "missing_lines": [82, 85, 86, 89, 90, 93, 94, 96], "excluded_lines": []}, "": {"executed_lines": [1, 7, 8, 9, 10, 11, 13, 16, 35, 47, 59, 65], "summary": {"covered_lines": 11, "num_statements": 11, "percent_covered": 100.0, "percent_covered_display": "100", "missing_lines": 0, "excluded_lines": 0}, "missing_lines": [], "excluded_lines": []}}, "classes": {"": {"executed_lines": [1, 7, 8, 9, 10, 11, 13, 16, 35, 37, 44, 47, 59, 65], "summary": {"covered_lines": 13, "num_statements": 35, "percent_covered": 37.142857142857146, "percent_covered_display": "37", "missing_lines": 22, "excluded_lines": 0}, "missing_lines": [18, 19, 20, 24, 29, 30, 32, 38, 42, 49, 50, 54, 56, 62, 82, 85, 86, 89, 90, 93, 94, 96], "excluded_lines": []}}}, "src/vasttams/auth/router.py": {"executed_lines": [1, 7, 8, 9, 10, 11, 12, 13, 14, 15, 16, 17, 18, 20, 22, 23, 26, 27, 30, 39, 40, 53, 54, 76, 77, 122, 123, 141, 142, 143, 146, 147, 148, 149, 150, 151, 155, 158, 159, 202, 203, 204, 205, 208, 209, 210, 211, 212, 213, 216, 217, 241, 242, 272, 273], "summary": {"covered_lines": 54, "num_statements": 156, "percent_covered": 34.61538461538461, "percent_covered_display": "35", "missing_lines": 102, "excluded_lines": 0}, "missing_lines": [33, 34, 35, 36, 45, 46, 47, 48, 49, 50, 59, 60, 63, 64, 65, 67, 69, 70, 71, 72, 73, 83, 85, 87, 88, 90, 91, 92, 93, 94, 96, 97, 100, 101, 102, 103, 104, 105, 108, 110, 111, 113, 115, 116, 117, 118, 119, 128, 129, 130, 131, 133, 135, 136, 137, 164, 165, 168, 169, 170, 173, 174, 175, 178, 179, 181, 187, 194, 195, 196, 197, 198, 222, 223, 224, 226, 236, 237, 238, 248, 249, 252, 253, 254, 256, 258, 265, 266, 267, 268, 269, 279, 280, 281, 283, 284, 286, 287, 288, 289, 290, 291], "excluded_lines": [], "functions": {"get_auth_service": {"executed_lines": [], "summary": {"covered_lines": 0, "num_statements": 4, "percent_covered": 0.0, "percent_covered_display": "0", "missing_lines": 4, "excluded_lines": 0}, "missing_lines": [33, 34, 35, 36], "excluded_lines": []}, "list_auth_providers": {"executed_lines": [], "summary": {"covered_lines": 0, "num_statements": 6, "percent_covered": 0.0, "percent_covered_display": "0", "missing_lines": 6, "excluded_lines": 0}, "missing_lines": [45, 46, 47, 48, 49, 50], "excluded_lines": []}, "get_auth_provider": {"executed_lines": [], "summary": {"covered_lines": 0, "num_statements": 11, "percent_covered": 0.0, "percent_covered_display": "0", "missing_lines": 11, "excluded_lines": 0}, "missing_lines": [59, 60, 63, 64, 65, 67, 69, 70, 71, 72, 73], "excluded_lines": []}, "update_auth_provider": {"executed_lines": [], "summary": {"covered_lines": 0, "num_statements": 26, "percent_covered": 0.0, "percent_covered_display": "0", "missing_lines": 26, "excluded_lines": 0}, "missing_lines": [83, 85, 87, 88, 90, 91, 92, 93, 94, 96, 97, 100, 101, 102, 103, 104, 105, 108, 110, 111, 113, 115, 116, 117, 118, 119], "excluded_lines": []}, "reload_auth_providers": {"executed_lines": [], "summary": {"covered_lines": 0, "num_statements": 8, "percent_covered": 0.0, "percent_covered_display": "0", "missing_lines": 8, "excluded_lines": 0}, "missing_lines": [128, 129, 130, 131, 133, 135, 136, 137], "excluded_lines": []}, "login": {"executed_lines": [], "summary": {"covered_lines": 0, "num_statements": 17, "percent_covered": 0.0, "percent_covered_display": "0", "missing_lines": 17, "excluded_lines": 0}, "missing_lines": [164, 165, 168, 169, 170, 173, 174, 175, 178, 179, 181, 187, 194, 195, 196, 197, 198], "excluded_lines": []}, "list_users": {"executed_lines": [], "summary": {"covered_lines": 0, "num_statements": 7, "percent_covered": 0.0, "percent_covered_display": "0", "missing_lines": 7, "excluded_lines": 0}, "missing_lines": [222, 223, 224, 226, 236, 237, 238], "excluded_lines": []}, "create_user": {"executed_lines": [], "summary": {"covered_lines": 0, "num_statements": 12, "percent_covered": 0.0, "percent_covered_display": "0", "missing_lines": 12, "excluded_lines": 0}, "missing_lines": [248, 249, 252, 253, 254, 256, 258, 265, 266, 267, 268, 269], "excluded_lines": []}, "delete_user": {"executed_lines": [], "summary": {"covered_lines": 0, "num_statements": 11, "percent_covered": 0.0, "percent_covered_display": "0", "missing_lines": 11, "excluded_lines": 0}, "missing_lines": [279, 280, 281, 283, 284, 286, 287, 288, 289, 290, 291], "excluded_lines": []}, "": {"executed_lines": [1, 7, 8, 9, 10, 11, 12, 13, 14, 15, 16, 17, 18, 20, 22, 23, 26, 27, 30, 39, 40, 53, 54, 76, 77, 122, 123, 141, 142, 143, 146, 147, 148, 149, 150, 151, 155, 158, 159, 202, 203, 204, 205, 208, 209, 210, 211, 212, 213, 216, 217, 241, 242, 272, 273], "summary": {"covered_lines": 54, "num_statements": 54, "percent_covered": 100.0, "percent_covered_display": "100", "missing_lines": 0, "excluded_lines": 0}, "missing_lines": [], "excluded_lines": []}}, "classes": {"LoginRequest": {"executed_lines": [], "summary": {"covered_lines": 0, "num_statements": 0, "percent_covered": 100.0, "percent_covered_display": "100", "missing_lines": 0, "excluded_lines": 0}, "missing_lines": [], "excluded_lines": []}, "LoginResponse": {"executed_lines": [], "summary": {"covered_lines": 0, "num_statements": 0, "percent_covered": 100.0, "percent_covered_display": "100", "missing_lines": 0, "excluded_lines": 0}, "missing_lines": [], "excluded_lines": []}, "UserCreateRequest": {"executed_lines": [], "summary": {"covered_lines": 0, "num_statements": 0, "percent_covered": 100.0, "percent_covered_display": "100", "missing_lines": 0, "excluded_lines": 0}, "missing_lines": [], "excluded_lines": []}, "UserResponse": {"executed_lines": [], "summary": {"covered_lines": 0, "num_statements": 0, "percent_covered": 100.0, "percent_covered_display": "100", "missing_lines": 0, "excluded_lines": 0}, "missing_lines": [], "excluded_lines": []}, "": {"executed_lines": [1, 7, 8, 9, 10, 11, 12, 13, 14, 15, 16, 17, 18, 20, 22, 23, 26, 27, 30, 39, 40, 53, 54, 76, 77, 122, 123, 141, 142, 143, 146, 147, 148, 149, 150, 151, 155, 158, 159, 202, 203, 204, 205, 208, 209, 210, 211, 212, 213, 216, 217, 241, 242, 272, 273], "summary": {"covered_lines": 54, "num_statements": 156, "percent_covered": 34.61538461538461, "percent_covered_display": "35", "missing_lines": 102, "excluded_lines": 0}, "missing_lines": [33, 34, 35, 36, 45, 46, 47, 48, 49, 50, 59, 60, 63, 64, 65, 67, 69, 70, 71, 72, 73, 83, 85, 87, 88, 90, 91, 92, 93, 94, 96, 97, 100, 101, 102, 103, 104, 105, 108, 110, 111, 113, 115, 116, 117, 118, 119, 128, 129, 130, 131, 133, 135, 136, 137, 164, 165, 168, 169, 170, 173, 174, 175, 178, 179, 181, 187, 194, 195, 196, 197, 198, 222, 223, 224, 226, 236, 237, 238, 248, 249, 252, 253, 254, 256, 258, 265, 266, 267, 268, 269, 279, 280, 281, 283, 284, 286, 287, 288, 289, 290, 291], "excluded_lines": []}}}, "src/vasttams/auth/schemas.py": {"executed_lines": [1, 7, 8, 11, 13, 24, 26, 35, 37, 46, 48, 58, 60, 74, 76, 84, 86, 93, 95, 102, 104, 112, 114], "summary": {"covered_lines": 22, "num_statements": 22, "percent_covered": 100.0, "percent_covered_display": "100", "missing_lines": 0, "excluded_lines": 0}, "missing_lines": [], "excluded_lines": [], "functions": {"get_users_schema": {"executed_lines": [13], "summary": {"covered_lines": 1, "num_statements": 1, "percent_covered": 100.0, "percent_covered_display": "100", "missing_lines": 0, "excluded_lines": 0}, "missing_lines": [], "excluded_lines": []}, "get_api_tokens_schema": {"executed_lines": [26], "summary": {"covered_lines": 1, "num_statements": 1, "percent_covered": 100.0, "percent_covered_display": "100", "missing_lines": 0, "excluded_lines": 0}, "missing_lines": [], "excluded_lines": []}, "get_refresh_tokens_schema": {"executed_lines": [37], "summary": {"covered_lines": 1, "num_statements": 1, "percent_covered": 100.0, "percent_covered_display": "100", "missing_lines": 0, "excluded_lines": 0}, "missing_lines": [], "excluded_lines": []}, "get_auth_logs_schema": {"executed_lines": [48], "summary": {"covered_lines": 1, "num_statements": 1, "percent_covered": 100.0, "percent_covered_display": "100", "missing_lines": 0, "excluded_lines": 0}, "missing_lines": [], "excluded_lines": []}, "get_auth_provider_configs_schema": {"executed_lines": [60], "summary": {"covered_lines": 1, "num_statements": 1, "percent_covered": 100.0, "percent_covered_display": "100", "missing_lines": 0, "excluded_lines": 0}, "missing_lines": [], "excluded_lines": []}, "get_users_projections": {"executed_lines": [76], "summary": {"covered_lines": 1, "num_statements": 1, "percent_covered": 100.0, "percent_covered_display": "100", "missing_lines": 0, "excluded_lines": 0}, "missing_lines": [], "excluded_lines": []}, "get_api_tokens_projections": {"executed_lines": [86], "summary": {"covered_lines": 1, "num_statements": 1, "percent_covered": 100.0, "percent_covered_display": "100", "missing_lines": 0, "excluded_lines": 0}, "missing_lines": [], "excluded_lines": []}, "get_refresh_tokens_projections": {"executed_lines": [95], "summary": {"covered_lines": 1, "num_statements": 1, "percent_covered": 100.0, "percent_covered_display": "100", "missing_lines": 0, "excluded_lines": 0}, "missing_lines": [], "excluded_lines": []}, "get_auth_logs_projections": {"executed_lines": [104], "summary": {"covered_lines": 1, "num_statements": 1, "percent_covered": 100.0, "percent_covered_display": "100", "missing_lines": 0, "excluded_lines": 0}, "missing_lines": [], "excluded_lines": []}, "get_auth_provider_configs_projections": {"executed_lines": [114], "summary": {"covered_lines": 1, "num_statements": 1, "percent_covered": 100.0, "percent_covered_display": "100", "missing_lines": 0, "excluded_lines": 0}, "missing_lines": [], "excluded_lines": []}, "": {"executed_lines": [1, 7, 8, 11, 24, 35, 46, 58, 74, 84, 93, 102, 112], "summary": {"covered_lines": 12, "num_statements": 12, "percent_covered": 100.0, "percent_covered_display": "100", "missing_lines": 0, "excluded_lines": 0}, "missing_lines": [], "excluded_lines": []}}, "classes": {"": {"executed_lines": [1, 7, 8, 11, 13, 24, 26, 35, 37, 46, 48, 58, 60, 74, 76, 84, 86, 93, 95, 102, 104, 112, 114], "summary": {"covered_lines": 22, "num_statements": 22, "percent_covered": 100.0, "percent_covered_display": "100", "missing_lines": 0, "excluded_lines": 0}, "missing_lines": [], "excluded_lines": []}}}, "src/vasttams/auth/service.py": {"executed_lines": [1, 7, 8, 9, 10, 12, 15, 16, 18, 19, 20, 22, 62, 90, 148], "summary": {"covered_lines": 13, "num_statements": 86, "percent_covered": 15.116279069767442, "percent_covered_display": "15", "missing_lines": 73, "excluded_lines": 0}, "missing_lines": [24, 26, 28, 29, 30, 31, 33, 34, 35, 36, 37, 38, 40, 50, 53, 54, 56, 58, 59, 60, 64, 92, 94, 98, 100, 111, 113, 114, 116, 117, 119, 120, 121, 122, 123, 124, 126, 128, 129, 130, 131, 134, 135, 136, 139, 140, 142, 144, 145, 146, 150, 151, 153, 154, 157, 160, 161, 162, 164, 165, 166, 171, 173, 174, 175, 176, 178, 179, 180, 181, 183, 185, 186], "excluded_lines": [], "functions": {"AuthProviderService.__init__": {"executed_lines": [19, 20], "summary": {"covered_lines": 2, "num_statements": 2, "percent_covered": 100.0, "percent_covered_display": "100", "missing_lines": 0, "excluded_lines": 0}, "missing_lines": [], "excluded_lines": []}, "AuthProviderService.get_provider_configs": {"executed_lines": [], "summary": {"covered_lines": 0, "num_statements": 20, "percent_covered": 0.0, "percent_covered_display": "0", "missing_lines": 20, "excluded_lines": 0}, "missing_lines": [24, 26, 28, 29, 30, 31, 33, 34, 35, 36, 37, 38, 40, 50, 53, 54, 56, 58, 59, 60], "excluded_lines": []}, "AuthProviderService._get_default_configs": {"executed_lines": [], "summary": {"covered_lines": 0, "num_statements": 1, "percent_covered": 0.0, "percent_covered_display": "0", "missing_lines": 1, "excluded_lines": 0}, "missing_lines": [64], "excluded_lines": []}, "AuthProviderService.update_provider_config": {"executed_lines": [], "summary": {"covered_lines": 0, "num_statements": 29, "percent_covered": 0.0, "percent_covered_display": "0", "missing_lines": 29, "excluded_lines": 0}, "missing_lines": [92, 94, 98, 100, 111, 113, 114, 116, 117, 119, 120, 121, 122, 123, 124, 126, 128, 129, 130, 131, 134, 135, 136, 139, 140, 142, 144, 145, 146], "excluded_lines": []}, "AuthProviderService._reload_auth_manager": {"executed_lines": [], "summary": {"covered_lines": 0, "num_statements": 23, "percent_covered": 0.0, "percent_covered_display": "0", "missing_lines": 23, "excluded_lines": 0}, "missing_lines": [150, 151, 153, 154, 157, 160, 161, 162, 164, 165, 166, 171, 173, 174, 175, 176, 178, 179, 180, 181, 183, 185, 186], "excluded_lines": []}, "": {"executed_lines": [1, 7, 8, 9, 10, 12, 15, 16, 18, 22, 62, 90, 148], "summary": {"covered_lines": 11, "num_statements": 11, "percent_covered": 100.0, "percent_covered_display": "100", "missing_lines": 0, "excluded_lines": 0}, "missing_lines": [], "excluded_lines": []}}, "classes": {"AuthProviderService": {"executed_lines": [19, 20], "summary": {"covered_lines": 2, "num_statements": 75, "percent_covered": 2.6666666666666665, "percent_covered_display": "3", "missing_lines": 73, "excluded_lines": 0}, "missing_lines": [24, 26, 28, 29, 30, 31, 33, 34, 35, 36, 37, 38, 40, 50, 53, 54, 56, 58, 59, 60, 64, 92, 94, 98, 100, 111, 113, 114, 116, 117, 119, 120, 121, 122, 123, 124, 126, 128, 129, 130, 131, 134, 135, 136, 139, 140, 142, 144, 145, 146, 150, 151, 153, 154, 157, 160, 161, 162, 164, 165, 166, 171, 173, 174, 175, 176, 178, 179, 180, 181, 183, 185, 186], "excluded_lines": []}, "": {"executed_lines": [1, 7, 8, 9, 10, 12, 15, 16, 18, 22, 62, 90, 148], "summary": {"covered_lines": 11, "num_statements": 11, "percent_covered": 100.0, "percent_covered_display": "100", "missing_lines": 0, "excluded_lines": 0}, "missing_lines": [], "excluded_lines": []}}}, "src/vasttams/auth/user_service.py": {"executed_lines": [1, 5, 6, 7, 8, 9, 10, 11, 13, 16, 17, 19, 20, 22, 34, 45, 81, 139, 171, 197, 215, 267], "summary": {"covered_lines": 20, "num_statements": 154, "percent_covered": 12.987012987012987, "percent_covered_display": "13", "missing_lines": 134, "excluded_lines": 0}, "missing_lines": [24, 25, 27, 29, 30, 32, 36, 37, 38, 39, 40, 41, 42, 43, 47, 48, 50, 51, 52, 54, 63, 64, 66, 67, 69, 77, 78, 79, 83, 84, 86, 88, 89, 91, 93, 94, 95, 97, 98, 99, 100, 101, 102, 103, 105, 107, 108, 111, 112, 113, 114, 115, 117, 126, 127, 129, 131, 132, 134, 135, 136, 137, 141, 142, 144, 145, 146, 148, 154, 161, 163, 164, 166, 167, 168, 169, 173, 174, 176, 177, 180, 187, 189, 190, 192, 193, 194, 195, 199, 200, 202, 204, 205, 207, 208, 210, 211, 212, 213, 217, 218, 220, 221, 223, 224, 227, 228, 229, 231, 232, 233, 234, 235, 236, 237, 239, 241, 242, 244, 245, 246, 247, 248, 250, 259, 260, 262, 263, 264, 265, 269, 270, 271, 273], "excluded_lines": [], "functions": {"UserService.__init__": {"executed_lines": [20], "summary": {"covered_lines": 1, "num_statements": 1, "percent_covered": 100.0, "percent_covered_display": "100", "missing_lines": 0, "excluded_lines": 0}, "missing_lines": [], "excluded_lines": []}, "UserService.hash_password": {"executed_lines": [], "summary": {"covered_lines": 0, "num_statements": 6, "percent_covered": 0.0, "percent_covered_display": "0", "missing_lines": 6, "excluded_lines": 0}, "missing_lines": [24, 25, 27, 29, 30, 32], "excluded_lines": []}, "UserService.verify_password": {"executed_lines": [], "summary": {"covered_lines": 0, "num_statements": 8, "percent_covered": 0.0, "percent_covered_display": "0", "missing_lines": 8, "excluded_lines": 0}, "missing_lines": [36, 37, 38, 39, 40, 41, 42, 43], "excluded_lines": []}, "UserService.create_user": {"executed_lines": [], "summary": {"covered_lines": 0, "num_statements": 14, "percent_covered": 0.0, "percent_covered_display": "0", "missing_lines": 14, "excluded_lines": 0}, "missing_lines": [47, 48, 50, 51, 52, 54, 63, 64, 66, 67, 69, 77, 78, 79], "excluded_lines": []}, "UserService.get_user_by_username": {"executed_lines": [], "summary": {"covered_lines": 0, "num_statements": 34, "percent_covered": 0.0, "percent_covered_display": "0", "missing_lines": 34, "excluded_lines": 0}, "missing_lines": [83, 84, 86, 88, 89, 91, 93, 94, 95, 97, 98, 99, 100, 101, 102, 103, 105, 107, 108, 111, 112, 113, 114, 115, 117, 126, 127, 129, 131, 132, 134, 135, 136, 137], "excluded_lines": []}, "UserService.update_user_password": {"executed_lines": [], "summary": {"covered_lines": 0, "num_statements": 14, "percent_covered": 0.0, "percent_covered_display": "0", "missing_lines": 14, "excluded_lines": 0}, "missing_lines": [141, 142, 144, 145, 146, 148, 154, 161, 163, 164, 166, 167, 168, 169], "excluded_lines": []}, "UserService.update_user_role": {"executed_lines": [], "summary": {"covered_lines": 0, "num_statements": 12, "percent_covered": 0.0, "percent_covered_display": "0", "missing_lines": 12, "excluded_lines": 0}, "missing_lines": [173, 174, 176, 177, 180, 187, 189, 190, 192, 193, 194, 195], "excluded_lines": []}, "UserService.delete_user": {"executed_lines": [], "summary": {"covered_lines": 0, "num_statements": 11, "percent_covered": 0.0, "percent_covered_display": "0", "missing_lines": 11, "excluded_lines": 0}, "missing_lines": [199, 200, 202, 204, 205, 207, 208, 210, 211, 212, 213], "excluded_lines": []}, "UserService.list_users": {"executed_lines": [], "summary": {"covered_lines": 0, "num_statements": 31, "percent_covered": 0.0, "percent_covered_display": "0", "missing_lines": 31, "excluded_lines": 0}, "missing_lines": [217, 218, 220, 221, 223, 224, 227, 228, 229, 231, 232, 233, 234, 235, 236, 237, 239, 241, 242, 244, 245, 246, 247, 248, 250, 259, 260, 262, 263, 264, 265], "excluded_lines": []}, "UserService.verify_user_password": {"executed_lines": [], "summary": {"covered_lines": 0, "num_statements": 4, "percent_covered": 0.0, "percent_covered_display": "0", "missing_lines": 4, "excluded_lines": 0}, "missing_lines": [269, 270, 271, 273], "excluded_lines": []}, "": {"executed_lines": [1, 5, 6, 7, 8, 9, 10, 11, 13, 16, 17, 19, 22, 34, 45, 81, 139, 171, 197, 215, 267], "summary": {"covered_lines": 19, "num_statements": 19, "percent_covered": 100.0, "percent_covered_display": "100", "missing_lines": 0, "excluded_lines": 0}, "missing_lines": [], "excluded_lines": []}}, "classes": {"UserService": {"executed_lines": [20], "summary": {"covered_lines": 1, "num_statements": 135, "percent_covered": 0.7407407407407407, "percent_covered_display": "1", "missing_lines": 134, "excluded_lines": 0}, "missing_lines": [24, 25, 27, 29, 30, 32, 36, 37, 38, 39, 40, 41, 42, 43, 47, 48, 50, 51, 52, 54, 63, 64, 66, 67, 69, 77, 78, 79, 83, 84, 86, 88, 89, 91, 93, 94, 95, 97, 98, 99, 100, 101, 102, 103, 105, 107, 108, 111, 112, 113, 114, 115, 117, 126, 127, 129, 131, 132, 134, 135, 136, 137, 141, 142, 144, 145, 146, 148, 154, 161, 163, 164, 166, 167, 168, 169, 173, 174, 176, 177, 180, 187, 189, 190, 192, 193, 194, 195, 199, 200, 202, 204, 205, 207, 208, 210, 211, 212, 213, 217, 218, 220, 221, 223, 224, 227, 228, 229, 231, 232, 233, 234, 235, 236, 237, 239, 241, 242, 244, 245, 246, 247, 248, 250, 259, 260, 262, 263, 264, 265, 269, 270, 271, 273], "excluded_lines": []}, "": {"executed_lines": [1, 5, 6, 7, 8, 9, 10, 11, 13, 16, 17, 19, 22, 34, 45, 81, 139, 171, 197, 215, 267], "summary": {"covered_lines": 19, "num_statements": 19, "percent_covered": 100.0, "percent_covered_display": "100", "missing_lines": 0, "excluded_lines": 0}, "missing_lines": [], "excluded_lines": []}}}, "src/vasttams/auth/utils.py": {"executed_lines": [], "summary": {"covered_lines": 0, "num_statements": 49, "percent_covered": 0.0, "percent_covered_display": "0", "missing_lines": 49, "excluded_lines": 0}, "missing_lines": [3, 4, 5, 6, 7, 8, 10, 13, 14, 15, 16, 18, 20, 21, 22, 23, 25, 27, 28, 30, 32, 33, 35, 37, 39, 40, 42, 44, 45, 47, 49, 51, 52, 53, 54, 56, 58, 59, 60, 61, 63, 65, 66, 69, 71, 73, 74, 75, 76], "excluded_lines": [], "functions": {"generate_user_id": {"executed_lines": [], "summary": {"covered_lines": 0, "num_statements": 4, "percent_covered": 0.0, "percent_covered_display": "0", "missing_lines": 4, "excluded_lines": 0}, "missing_lines": [20, 21, 22, 23], "excluded_lines": []}, "hash_password": {"executed_lines": [], "summary": {"covered_lines": 0, "num_statements": 6, "percent_covered": 0.0, "percent_covered_display": "0", "missing_lines": 6, "excluded_lines": 0}, "missing_lines": [27, 28, 30, 32, 33, 35], "excluded_lines": []}, "verify_password": {"executed_lines": [], "summary": {"covered_lines": 0, "num_statements": 6, "percent_covered": 0.0, "percent_covered_display": "0", "missing_lines": 6, "excluded_lines": 0}, "missing_lines": [39, 40, 42, 44, 45, 47], "excluded_lines": []}, "generate_api_token": {"executed_lines": [], "summary": {"covered_lines": 0, "num_statements": 4, "percent_covered": 0.0, "percent_covered_display": "0", "missing_lines": 4, "excluded_lines": 0}, "missing_lines": [51, 52, 53, 54], "excluded_lines": []}, "is_token_expired": {"executed_lines": [], "summary": {"covered_lines": 0, "num_statements": 8, "percent_covered": 0.0, "percent_covered_display": "0", "missing_lines": 8, "excluded_lines": 0}, "missing_lines": [58, 59, 60, 61, 63, 65, 66, 69], "excluded_lines": []}, "calculate_token_expiry": {"executed_lines": [], "summary": {"covered_lines": 0, "num_statements": 4, "percent_covered": 0.0, "percent_covered_display": "0", "missing_lines": 4, "excluded_lines": 0}, "missing_lines": [73, 74, 75, 76], "excluded_lines": []}, "": {"executed_lines": [], "summary": {"covered_lines": 0, "num_statements": 17, "percent_covered": 0.0, "percent_covered_display": "0", "missing_lines": 17, "excluded_lines": 0}, "missing_lines": [3, 4, 5, 6, 7, 8, 10, 13, 14, 15, 16, 18, 25, 37, 49, 56, 71], "excluded_lines": []}}, "classes": {"": {"executed_lines": [], "summary": {"covered_lines": 0, "num_statements": 49, "percent_covered": 0.0, "percent_covered_display": "0", "missing_lines": 49, "excluded_lines": 0}, "missing_lines": [3, 4, 5, 6, 7, 8, 10, 13, 14, 15, 16, 18, 20, 21, 22, 23, 25, 27, 28, 30, 32, 33, 35, 37, 39, 40, 42, 44, 45, 47, 49, 51, 52, 53, 54, 56, 58, 59, 60, 61, 63, 65, 66, 69, 71, 73, 74, 75, 76], "excluded_lines": []}}}, "src/vasttams/common/__init__.py": {"executed_lines": [1], "summary": {"covered_lines": 0, "num_statements": 0, "percent_covered": 100.0, "percent_covered_display": "100", "missing_lines": 0, "excluded_lines": 0}, "missing_lines": [], "excluded_lines": [], "functions": {"": {"executed_lines": [1], "summary": {"covered_lines": 0, "num_statements": 0, "percent_covered": 100.0, "percent_covered_display": "100", "missing_lines": 0, "excluded_lines": 0}, "missing_lines": [], "excluded_lines": []}}, "classes": {"": {"executed_lines": [1], "summary": {"covered_lines": 0, "num_statements": 0, "percent_covered": 100.0, "percent_covered_display": "100", "missing_lines": 0, "excluded_lines": 0}, "missing_lines": [], "excluded_lines": []}}}, "src/vasttams/common/c2pa_utils.py": {"executed_lines": [1, 7, 8, 9, 10, 12, 15, 16, 18, 19, 20, 23, 24, 26, 27, 28, 31, 32, 34, 35, 45, 47, 49, 53, 55, 56, 59, 60, 63, 66, 69, 79, 80, 120, 121, 139, 140, 180, 194], "summary": {"covered_lines": 35, "num_statements": 93, "percent_covered": 37.634408602150536, "percent_covered_display": "38", "missing_lines": 58, "excluded_lines": 0}, "missing_lines": [50, 61, 64, 67, 71, 73, 75, 76, 77, 90, 92, 94, 95, 98, 99, 101, 104, 105, 106, 108, 114, 116, 117, 118, 131, 150, 152, 153, 156, 157, 159, 160, 161, 162, 163, 165, 166, 170, 171, 173, 175, 176, 177, 190, 191, 206, 207, 208, 210, 212, 213, 214, 215, 217, 224, 226, 227, 228], "excluded_lines": [], "functions": {"C2PAValidator.validate_c2pa_metadata": {"executed_lines": [45, 47, 49, 53, 55, 56, 59, 60, 63, 66, 69], "summary": {"covered_lines": 11, "num_statements": 20, "percent_covered": 55.0, "percent_covered_display": "55", "missing_lines": 9, "excluded_lines": 0}, "missing_lines": [50, 61, 64, 67, 71, 73, 75, 76, 77], "excluded_lines": []}, "C2PAValidator.extract_c2pa_from_tags": {"executed_lines": [], "summary": {"covered_lines": 0, "num_statements": 15, "percent_covered": 0.0, "percent_covered_display": "0", "missing_lines": 15, "excluded_lines": 0}, "missing_lines": [90, 92, 94, 95, 98, 99, 101, 104, 105, 106, 108, 114, 116, 117, 118], "excluded_lines": []}, "C2PAValidator.create_c2pa_tag": {"executed_lines": [], "summary": {"covered_lines": 0, "num_statements": 1, "percent_covered": 0.0, "percent_covered_display": "0", "missing_lines": 1, "excluded_lines": 0}, "missing_lines": [131], "excluded_lines": []}, "C2PAValidator.validate_c2pa_chain": {"executed_lines": [], "summary": {"covered_lines": 0, "num_statements": 18, "percent_covered": 0.0, "percent_covered_display": "0", "missing_lines": 18, "excluded_lines": 0}, "missing_lines": [150, 152, 153, 156, 157, 159, 160, 161, 162, 163, 165, 166, 170, 171, 173, 175, 176, 177], "excluded_lines": []}, "validate_c2pa_in_metadata": {"executed_lines": [], "summary": {"covered_lines": 0, "num_statements": 2, "percent_covered": 0.0, "percent_covered_display": "0", "missing_lines": 2, "excluded_lines": 0}, "missing_lines": [190, 191], "excluded_lines": []}, "extract_c2pa_provenance": {"executed_lines": [], "summary": {"covered_lines": 0, "num_statements": 13, "percent_covered": 0.0, "percent_covered_display": "0", "missing_lines": 13, "excluded_lines": 0}, "missing_lines": [206, 207, 208, 210, 212, 213, 214, 215, 217, 224, 226, 227, 228], "excluded_lines": []}, "": {"executed_lines": [1, 7, 8, 9, 10, 12, 15, 16, 18, 19, 20, 23, 24, 26, 27, 28, 31, 32, 34, 35, 79, 80, 120, 121, 139, 140, 180, 194], "summary": {"covered_lines": 24, "num_statements": 24, "percent_covered": 100.0, "percent_covered_display": "100", "missing_lines": 0, "excluded_lines": 0}, "missing_lines": [], "excluded_lines": []}}, "classes": {"C2PAAssertion": {"executed_lines": [], "summary": {"covered_lines": 0, "num_statements": 0, "percent_covered": 100.0, "percent_covered_display": "100", "missing_lines": 0, "excluded_lines": 0}, "missing_lines": [], "excluded_lines": []}, "C2PAManifest": {"executed_lines": [], "summary": {"covered_lines": 0, "num_statements": 0, "percent_covered": 100.0, "percent_covered_display": "100", "missing_lines": 0, "excluded_lines": 0}, "missing_lines": [], "excluded_lines": []}, "C2PAValidator": {"executed_lines": [45, 47, 49, 53, 55, 56, 59, 60, 63, 66, 69], "summary": {"covered_lines": 11, "num_statements": 54, "percent_covered": 20.37037037037037, "percent_covered_display": "20", "missing_lines": 43, "excluded_lines": 0}, "missing_lines": [50, 61, 64, 67, 71, 73, 75, 76, 77, 90, 92, 94, 95, 98, 99, 101, 104, 105, 106, 108, 114, 116, 117, 118, 131, 150, 152, 153, 156, 157, 159, 160, 161, 162, 163, 165, 166, 170, 171, 173, 175, 176, 177], "excluded_lines": []}, "": {"executed_lines": [1, 7, 8, 9, 10, 12, 15, 16, 18, 19, 20, 23, 24, 26, 27, 28, 31, 32, 34, 35, 79, 80, 120, 121, 139, 140, 180, 194], "summary": {"covered_lines": 24, "num_statements": 39, "percent_covered": 61.53846153846154, "percent_covered_display": "62", "missing_lines": 15, "excluded_lines": 0}, "missing_lines": [190, 191, 206, 207, 208, 210, 212, 213, 214, 215, 217, 224, 226, 227, 228], "excluded_lines": []}}}, "src/vasttams/common/filters.py": {"executed_lines": [1, 7, 8, 11, 12, 13, 15, 16, 17, 18, 21, 22, 25, 26, 27, 29, 30, 31, 32, 33, 34, 35, 36, 37, 40, 41, 44, 45, 46, 48, 49], "summary": {"covered_lines": 27, "num_statements": 27, "percent_covered": 100.0, "percent_covered_display": "100", "missing_lines": 0, "excluded_lines": 0}, "missing_lines": [], "excluded_lines": [], "functions": {"": {"executed_lines": [1, 7, 8, 11, 12, 13, 15, 16, 17, 18, 21, 22, 25, 26, 27, 29, 30, 31, 32, 33, 34, 35, 36, 37, 40, 41, 44, 45, 46, 48, 49], "summary": {"covered_lines": 27, "num_statements": 27, "percent_covered": 100.0, "percent_covered_display": "100", "missing_lines": 0, "excluded_lines": 0}, "missing_lines": [], "excluded_lines": []}}, "classes": {"SourceFilters": {"executed_lines": [], "summary": {"covered_lines": 0, "num_statements": 0, "percent_covered": 100.0, "percent_covered_display": "100", "missing_lines": 0, "excluded_lines": 0}, "missing_lines": [], "excluded_lines": []}, "FlowFilters": {"executed_lines": [], "summary": {"covered_lines": 0, "num_statements": 0, "percent_covered": 100.0, "percent_covered_display": "100", "missing_lines": 0, "excluded_lines": 0}, "missing_lines": [], "excluded_lines": []}, "FlowDetailFilters": {"executed_lines": [], "summary": {"covered_lines": 0, "num_statements": 0, "percent_covered": 100.0, "percent_covered_display": "100", "missing_lines": 0, "excluded_lines": 0}, "missing_lines": [], "excluded_lines": []}, "": {"executed_lines": [1, 7, 8, 11, 12, 13, 15, 16, 17, 18, 21, 22, 25, 26, 27, 29, 30, 31, 32, 33, 34, 35, 36, 37, 40, 41, 44, 45, 46, 48, 49], "summary": {"covered_lines": 27, "num_statements": 27, "percent_covered": 100.0, "percent_covered_display": "100", "missing_lines": 0, "excluded_lines": 0}, "missing_lines": [], "excluded_lines": []}}}, "src/vasttams/common/models.py": {"executed_lines": [1, 8, 9, 10, 11, 12, 19, 21, 24, 25, 28, 31, 33, 41, 44, 47, 50, 52, 55, 56, 59, 62, 74, 76, 79, 80, 83, 90, 91, 92, 94, 96, 97, 98, 102, 103, 104, 106, 108, 109, 110, 111, 114, 115, 122, 125, 128, 131, 134, 137, 140, 143, 146, 151, 156, 163, 171, 172, 173, 175, 176, 178, 179, 180, 184, 185, 186, 188, 189, 192, 195, 196, 197, 200, 201, 202, 204, 205, 206, 208, 209, 210, 214, 215, 216, 219, 220, 221, 223, 224, 225, 226, 229, 230, 231, 233, 234, 239], "summary": {"covered_lines": 88, "num_statements": 125, "percent_covered": 70.4, "percent_covered_display": "70", "missing_lines": 37, "excluded_lines": 0}, "missing_lines": [22, 26, 42, 45, 53, 57, 64, 65, 67, 68, 69, 71, 77, 81, 99, 123, 126, 129, 132, 135, 138, 141, 144, 148, 149, 153, 154, 158, 159, 160, 161, 165, 166, 167, 168, 181, 211], "excluded_lines": [], "functions": {"validate_tams_uuid": {"executed_lines": [21, 24, 25, 28], "summary": {"covered_lines": 4, "num_statements": 6, "percent_covered": 66.66666666666667, "percent_covered_display": "67", "missing_lines": 2, "excluded_lines": 0}, "missing_lines": [22, 26], "excluded_lines": []}, "validate_content_format": {"executed_lines": [33, 41, 44, 47], "summary": {"covered_lines": 4, "num_statements": 6, "percent_covered": 66.66666666666667, "percent_covered_display": "67", "missing_lines": 2, "excluded_lines": 0}, "missing_lines": [42, 45], "excluded_lines": []}, "validate_mime_type": {"executed_lines": [52, 55, 56, 59], "summary": {"covered_lines": 4, "num_statements": 6, "percent_covered": 66.66666666666667, "percent_covered_display": "67", "missing_lines": 2, "excluded_lines": 0}, "missing_lines": [53, 57], "excluded_lines": []}, "validate_timestamp": {"executed_lines": [], "summary": {"covered_lines": 0, "num_statements": 6, "percent_covered": 0.0, "percent_covered_display": "0", "missing_lines": 6, "excluded_lines": 0}, "missing_lines": [64, 65, 67, 68, 69, 71], "excluded_lines": []}, "validate_timerange": {"executed_lines": [76, 79, 80, 83], "summary": {"covered_lines": 4, "num_statements": 6, "percent_covered": 66.66666666666667, "percent_covered_display": "67", "missing_lines": 2, "excluded_lines": 0}, "missing_lines": [77, 81], "excluded_lines": []}, "Timestamp.validate_value": {"executed_lines": [], "summary": {"covered_lines": 0, "num_statements": 1, "percent_covered": 0.0, "percent_covered_display": "0", "missing_lines": 1, "excluded_lines": 0}, "missing_lines": [99], "excluded_lines": []}, "TimeRange.validate_value": {"executed_lines": [111], "summary": {"covered_lines": 1, "num_statements": 1, "percent_covered": 100.0, "percent_covered_display": "100", "missing_lines": 0, "excluded_lines": 0}, "missing_lines": [], "excluded_lines": []}, "Tags.__getitem__": {"executed_lines": [], "summary": {"covered_lines": 0, "num_statements": 1, "percent_covered": 0.0, "percent_covered_display": "0", "missing_lines": 1, "excluded_lines": 0}, "missing_lines": [123], "excluded_lines": []}, "Tags.__setitem__": {"executed_lines": [], "summary": {"covered_lines": 0, "num_statements": 1, "percent_covered": 0.0, "percent_covered_display": "0", "missing_lines": 1, "excluded_lines": 0}, "missing_lines": [126], "excluded_lines": []}, "Tags.__contains__": {"executed_lines": [], "summary": {"covered_lines": 0, "num_statements": 1, "percent_covered": 0.0, "percent_covered_display": "0", "missing_lines": 1, "excluded_lines": 0}, "missing_lines": [129], "excluded_lines": []}, "Tags.get": {"executed_lines": [], "summary": {"covered_lines": 0, "num_statements": 1, "percent_covered": 0.0, "percent_covered_display": "0", "missing_lines": 1, "excluded_lines": 0}, "missing_lines": [132], "excluded_lines": []}, "Tags.keys": {"executed_lines": [], "summary": {"covered_lines": 0, "num_statements": 1, "percent_covered": 0.0, "percent_covered_display": "0", "missing_lines": 1, "excluded_lines": 0}, "missing_lines": [135], "excluded_lines": []}, "Tags.values": {"executed_lines": [], "summary": {"covered_lines": 0, "num_statements": 1, "percent_covered": 0.0, "percent_covered_display": "0", "missing_lines": 1, "excluded_lines": 0}, "missing_lines": [138], "excluded_lines": []}, "Tags.items": {"executed_lines": [], "summary": {"covered_lines": 0, "num_statements": 1, "percent_covered": 0.0, "percent_covered_display": "0", "missing_lines": 1, "excluded_lines": 0}, "missing_lines": [141], "excluded_lines": []}, "Tags.update": {"executed_lines": [], "summary": {"covered_lines": 0, "num_statements": 1, "percent_covered": 0.0, "percent_covered_display": "0", "missing_lines": 1, "excluded_lines": 0}, "missing_lines": [144], "excluded_lines": []}, "Tags.is_string_value": {"executed_lines": [], "summary": {"covered_lines": 0, "num_statements": 2, "percent_covered": 0.0, "percent_covered_display": "0", "missing_lines": 2, "excluded_lines": 0}, "missing_lines": [148, 149], "excluded_lines": []}, "Tags.is_array_value": {"executed_lines": [], "summary": {"covered_lines": 0, "num_statements": 2, "percent_covered": 0.0, "percent_covered_display": "0", "missing_lines": 2, "excluded_lines": 0}, "missing_lines": [153, 154], "excluded_lines": []}, "Tags.as_string": {"executed_lines": [], "summary": {"covered_lines": 0, "num_statements": 4, "percent_covered": 0.0, "percent_covered_display": "0", "missing_lines": 4, "excluded_lines": 0}, "missing_lines": [158, 159, 160, 161], "excluded_lines": []}, "Tags.as_array": {"executed_lines": [], "summary": {"covered_lines": 0, "num_statements": 4, "percent_covered": 0.0, "percent_covered_display": "0", "missing_lines": 4, "excluded_lines": 0}, "missing_lines": [165, 166, 167, 168], "excluded_lines": []}, "CollectionItem.validate_id": {"executed_lines": [], "summary": {"covered_lines": 0, "num_statements": 1, "percent_covered": 0.0, "percent_covered_display": "0", "missing_lines": 1, "excluded_lines": 0}, "missing_lines": [181], "excluded_lines": []}, "FlowCollectionItem.validate_id": {"executed_lines": [], "summary": {"covered_lines": 0, "num_statements": 1, "percent_covered": 0.0, "percent_covered_display": "0", "missing_lines": 1, "excluded_lines": 0}, "missing_lines": [211], "excluded_lines": []}, "": {"executed_lines": [1, 8, 9, 10, 11, 12, 19, 31, 50, 62, 74, 90, 91, 92, 94, 96, 97, 98, 102, 103, 104, 106, 108, 109, 110, 114, 115, 122, 125, 128, 131, 134, 137, 140, 143, 146, 151, 156, 163, 171, 172, 173, 175, 176, 178, 179, 180, 184, 185, 186, 188, 189, 192, 195, 196, 197, 200, 201, 202, 204, 205, 206, 208, 209, 210, 214, 215, 216, 219, 220, 221, 223, 224, 225, 226, 229, 230, 231, 233, 234, 239], "summary": {"covered_lines": 71, "num_statements": 71, "percent_covered": 100.0, "percent_covered_display": "100", "missing_lines": 0, "excluded_lines": 0}, "missing_lines": [], "excluded_lines": []}}, "classes": {"Timestamp": {"executed_lines": [], "summary": {"covered_lines": 0, "num_statements": 1, "percent_covered": 0.0, "percent_covered_display": "0", "missing_lines": 1, "excluded_lines": 0}, "missing_lines": [99], "excluded_lines": []}, "TimeRange": {"executed_lines": [111], "summary": {"covered_lines": 1, "num_statements": 1, "percent_covered": 100.0, "percent_covered_display": "100", "missing_lines": 0, "excluded_lines": 0}, "missing_lines": [], "excluded_lines": []}, "Tags": {"executed_lines": [], "summary": {"covered_lines": 0, "num_statements": 20, "percent_covered": 0.0, "percent_covered_display": "0", "missing_lines": 20, "excluded_lines": 0}, "missing_lines": [123, 126, 129, 132, 135, 138, 141, 144, 148, 149, 153, 154, 158, 159, 160, 161, 165, 166, 167, 168], "excluded_lines": []}, "CollectionItem": {"executed_lines": [], "summary": {"covered_lines": 0, "num_statements": 1, "percent_covered": 0.0, "percent_covered_display": "0", "missing_lines": 1, "excluded_lines": 0}, "missing_lines": [181], "excluded_lines": []}, "ContainerMapping": {"executed_lines": [], "summary": {"covered_lines": 0, "num_statements": 0, "percent_covered": 100.0, "percent_covered_display": "100", "missing_lines": 0, "excluded_lines": 0}, "missing_lines": [], "excluded_lines": []}, "FlowCollectionItem": {"executed_lines": [], "summary": {"covered_lines": 0, "num_statements": 1, "percen
[...]
 388, 389, 390, 391, 393, 394, 395, 396, 397, 399, 406, 407, 410, 412, 413, 419, 422, 424, 425, 426, 427, 428, 429, 430], "excluded_lines": [], "functions": {"StorageBackendService.__init__": {"executed_lines": [24, 25], "summary": {"covered_lines": 2, "num_statements": 2, "percent_covered": 100.0, "percent_covered_display": "100", "missing_lines": 0, "excluded_lines": 0}, "missing_lines": [], "excluded_lines": []}, "StorageBackendService.get_storage_backends": {"executed_lines": [], "summary": {"covered_lines": 0, "num_statements": 67, "percent_covered": 0.0, "percent_covered_display": "0", "missing_lines": 67, "excluded_lines": 0}, "missing_lines": [29, 30, 32, 33, 34, 35, 37, 38, 39, 40, 41, 42, 45, 46, 47, 48, 49, 51, 53, 55, 56, 58, 59, 60, 61, 62, 63, 64, 65, 66, 67, 68, 69, 70, 71, 72, 74, 75, 76, 77, 78, 79, 80, 81, 82, 83, 84, 86, 87, 88, 89, 90, 92, 93, 94, 95, 96, 97, 98, 99, 100, 101, 102, 104, 105, 106, 107], "excluded_lines": []}, "StorageBackendService.get_storage_backend": {"executed_lines": [], "summary": {"covered_lines": 0, "num_statements": 38, "percent_covered": 0.0, "percent_covered_display": "0", "missing_lines": 38, "excluded_lines": 0}, "missing_lines": [111, 112, 114, 115, 116, 117, 118, 119, 121, 122, 123, 124, 126, 127, 128, 129, 130, 132, 134, 135, 136, 137, 138, 139, 140, 141, 142, 143, 145, 146, 147, 148, 149, 150, 152, 153, 154, 155], "excluded_lines": []}, "StorageBackendService.create_storage_backend": {"executed_lines": [], "summary": {"covered_lines": 0, "num_statements": 25, "percent_covered": 0.0, "percent_covered_display": "0", "missing_lines": 25, "excluded_lines": 0}, "missing_lines": [159, 160, 161, 164, 165, 168, 170, 172, 174, 176, 179, 180, 181, 182, 183, 185, 187, 206, 207, 209, 211, 212, 213, 214, 215], "excluded_lines": []}, "StorageBackendService.update_storage_backend": {"executed_lines": [], "summary": {"covered_lines": 0, "num_statements": 67, "percent_covered": 0.0, "percent_covered_display": "0", "missing_lines": 67, "excluded_lines": 0}, "missing_lines": [231, 233, 234, 235, 238, 239, 240, 243, 244, 245, 246, 247, 254, 256, 257, 258, 259, 262, 263, 265, 266, 267, 268, 270, 272, 273, 275, 276, 277, 278, 280, 282, 285, 286, 287, 288, 289, 291, 293, 295, 296, 297, 298, 299, 301, 304, 306, 307, 310, 312, 313, 317, 318, 319, 322, 323, 324, 325, 328, 330, 331, 332, 333, 334, 335, 336, 337], "excluded_lines": []}, "StorageBackendService._update_storage_backend_flag": {"executed_lines": [], "summary": {"covered_lines": 0, "num_statements": 7, "percent_covered": 0.0, "percent_covered_display": "0", "missing_lines": 7, "excluded_lines": 0}, "missing_lines": [341, 342, 343, 344, 345, 346, 347], "excluded_lines": []}, "StorageBackendService._count_objects_with_storage_id": {"executed_lines": [], "summary": {"covered_lines": 0, "num_statements": 31, "percent_covered": 0.0, "percent_covered_display": "0", "missing_lines": 31, "excluded_lines": 0}, "missing_lines": [351, 352, 353, 356, 362, 364, 365, 366, 367, 368, 369, 370, 371, 372, 375, 381, 383, 384, 385, 386, 387, 388, 389, 390, 391, 393, 394, 395, 396, 397, 399], "excluded_lines": []}, "StorageBackendService.delete_storage_backend": {"executed_lines": [], "summary": {"covered_lines": 0, "num_statements": 14, "percent_covered": 0.0, "percent_covered_display": "0", "missing_lines": 14, "excluded_lines": 0}, "missing_lines": [406, 407, 410, 412, 413, 419, 422, 424, 425, 426, 427, 428, 429, 430], "excluded_lines": []}, "": {"executed_lines": [1, 8, 9, 10, 12, 13, 14, 15, 17, 20, 21, 23, 27, 109, 157, 217, 339, 349, 401], "summary": {"covered_lines": 17, "num_statements": 17, "percent_covered": 100.0, "percent_covered_display": "100", "missing_lines": 0, "excluded_lines": 0}, "missing_lines": [], "excluded_lines": []}}, "classes": {"StorageBackendService": {"executed_lines": [24, 25], "summary": {"covered_lines": 2, "num_statements": 251, "percent_covered": 0.796812749003984, "percent_covered_display": "1", "missing_lines": 249, "excluded_lines": 0}, "missing_lines": [29, 30, 32, 33, 34, 35, 37, 38, 39, 40, 41, 42, 45, 46, 47, 48, 49, 51, 53, 55, 56, 58, 59, 60, 61, 62, 63, 64, 65, 66, 67, 68, 69, 70, 71, 72, 74, 75, 76, 77, 78, 79, 80, 81, 82, 83, 84, 86, 87, 88, 89, 90, 92, 93, 94, 95, 96, 97, 98, 99, 100, 101, 102, 104, 105, 106, 107, 111, 112, 114, 115, 116, 117, 118, 119, 121, 122, 123, 124, 126, 127, 128, 129, 130, 132, 134, 135, 136, 137, 138, 139, 140, 141, 142, 143, 145, 146, 147, 148, 149, 150, 152, 153, 154, 155, 159, 160, 161, 164, 165, 168, 170, 172, 174, 176, 179, 180, 181, 182, 183, 185, 187, 206, 207, 209, 211, 212, 213, 214, 215, 231, 233, 234, 235, 238, 239, 240, 243, 244, 245, 246, 247, 254, 256, 257, 258, 259, 262, 263, 265, 266, 267, 268, 270, 272, 273, 275, 276, 277, 278, 280, 282, 285, 286, 287, 288, 289, 291, 293, 295, 296, 297, 298, 299, 301, 304, 306, 307, 310, 312, 313, 317, 318, 319, 322, 323, 324, 325, 328, 330, 331, 332, 333, 334, 335, 336, 337, 341, 342, 343, 344, 345, 346, 347, 351, 352, 353, 356, 362, 364, 365, 366, 367, 368, 369, 370, 371, 372, 375, 381, 383, 384, 385, 386, 387, 388, 389, 390, 391, 393, 394, 395, 396, 397, 399, 406, 407, 410, 412, 413, 419, 422, 424, 425, 426, 427, 428, 429, 430], "excluded_lines": []}, "": {"executed_lines": [1, 8, 9, 10, 12, 13, 14, 15, 17, 20, 21, 23, 27, 109, 157, 217, 339, 349, 401], "summary": {"covered_lines": 17, "num_statements": 17, "percent_covered": 100.0, "percent_covered_display": "100", "missing_lines": 0, "excluded_lines": 0}, "missing_lines": [], "excluded_lines": []}}}, "src/vasttams/webhooks/__init__.py": {"executed_lines": [1, 7, 8, 9, 10, 12], "summary": {"covered_lines": 5, "num_statements": 5, "percent_covered": 100.0, "percent_covered_display": "100", "missing_lines": 0, "excluded_lines": 0}, "missing_lines": [], "excluded_lines": [], "functions": {"": {"executed_lines": [1, 7, 8, 9, 10, 12], "summary": {"covered_lines": 5, "num_statements": 5, "percent_covered": 100.0, "percent_covered_display": "100", "missing_lines": 0, "excluded_lines": 0}, "missing_lines": [], "excluded_lines": []}}, "classes": {"": {"executed_lines": [1, 7, 8, 9, 10, 12], "summary": {"covered_lines": 5, "num_statements": 5, "percent_covered": 100.0, "percent_covered_display": "100", "missing_lines": 0, "excluded_lines": 0}, "missing_lines": [], "excluded_lines": []}}}, "src/vasttams/webhooks/models.py": {"executed_lines": [1, 7, 8, 9, 10, 13, 14, 15, 17, 18, 19, 20, 21, 22, 25, 26, 27, 28, 31, 32, 33, 34, 36, 37, 38, 40, 41, 42, 47, 48, 49, 56, 57, 58, 60, 61, 62, 63, 64, 67, 68, 69, 70, 73, 74, 75, 76, 78, 80, 81, 82, 87, 88, 89, 96, 97, 98, 100, 101, 102, 103, 106, 107, 108, 109, 112, 113, 114, 115, 117, 119, 120, 121, 126, 127, 128], "summary": {"covered_lines": 72, "num_statements": 93, "percent_covered": 77.41935483870968, "percent_covered_display": "77", "missing_lines": 21, "excluded_lines": 0}, "missing_lines": [43, 44, 45, 50, 51, 52, 53, 83, 84, 85, 90, 91, 92, 93, 122, 123, 124, 129, 130, 131, 132], "excluded_lines": [], "functions": {"Webhook.validate_url": {"executed_lines": [], "summary": {"covered_lines": 0, "num_statements": 3, "percent_covered": 0.0, "percent_covered_display": "0", "missing_lines": 3, "excluded_lines": 0}, "missing_lines": [43, 44, 45], "excluded_lines": []}, "Webhook.validate_uuid_lists": {"executed_lines": [], "summary": {"covered_lines": 0, "num_statements": 4, "percent_covered": 0.0, "percent_covered_display": "0", "missing_lines": 4, "excluded_lines": 0}, "missing_lines": [50, 51, 52, 53], "excluded_lines": []}, "WebhookPost.validate_url": {"executed_lines": [], "summary": {"covered_lines": 0, "num_statements": 3, "percent_covered": 0.0, "percent_covered_display": "0", "missing_lines": 3, "excluded_lines": 0}, "missing_lines": [83, 84, 85], "excluded_lines": []}, "WebhookPost.validate_uuid_lists": {"executed_lines": [], "summary": {"covered_lines": 0, "num_statements": 4, "percent_covered": 0.0, "percent_covered_display": "0", "missing_lines": 4, "excluded_lines": 0}, "missing_lines": [90, 91, 92, 93], "excluded_lines": []}, "WebhookUpdate.validate_url": {"executed_lines": [], "summary": {"covered_lines": 0, "num_statements": 3, "percent_covered": 0.0, "percent_covered_display": "0", "missing_lines": 3, "excluded_lines": 0}, "missing_lines": [122, 123, 124], "excluded_lines": []}, "WebhookUpdate.validate_uuid_lists": {"executed_lines": [], "summary": {"covered_lines": 0, "num_statements": 4, "percent_covered": 0.0, "percent_covered_display": "0", "missing_lines": 4, "excluded_lines": 0}, "missing_lines": [129, 130, 131, 132], "excluded_lines": []}, "": {"executed_lines": [1, 7, 8, 9, 10, 13, 14, 15, 17, 18, 19, 20, 21, 22, 25, 26, 27, 28, 31, 32, 33, 34, 36, 37, 38, 40, 41, 42, 47, 48, 49, 56, 57, 58, 60, 61, 62, 63, 64, 67, 68, 69, 70, 73, 74, 75, 76, 78, 80, 81, 82, 87, 88, 89, 96, 97, 98, 100, 101, 102, 103, 106, 107, 108, 109, 112, 113, 114, 115, 117, 119, 120, 121, 126, 127, 128], "summary": {"covered_lines": 72, "num_statements": 72, "percent_covered": 100.0, "percent_covered_display": "100", "missing_lines": 0, "excluded_lines": 0}, "missing_lines": [], "excluded_lines": []}}, "classes": {"Webhook": {"executed_lines": [], "summary": {"covered_lines": 0, "num_statements": 7, "percent_covered": 0.0, "percent_covered_display": "0", "missing_lines": 7, "excluded_lines": 0}, "missing_lines": [43, 44, 45, 50, 51, 52, 53], "excluded_lines": []}, "WebhookPost": {"executed_lines": [], "summary": {"covered_lines": 0, "num_statements": 7, "percent_covered": 0.0, "percent_covered_display": "0", "missing_lines": 7, "excluded_lines": 0}, "missing_lines": [83, 84, 85, 90, 91, 92, 93], "excluded_lines": []}, "WebhookUpdate": {"executed_lines": [], "summary": {"covered_lines": 0, "num_statements": 7, "percent_covered": 0.0, "percent_covered_display": "0", "missing_lines": 7, "excluded_lines": 0}, "missing_lines": [122, 123, 124, 129, 130, 131, 132], "excluded_lines": []}, "": {"executed_lines": [1, 7, 8, 9, 10, 13, 14, 15, 17, 18, 19, 20, 21, 22, 25, 26, 27, 28, 31, 32, 33, 34, 36, 37, 38, 40, 41, 42, 47, 48, 49, 56, 57, 58, 60, 61, 62, 63, 64, 67, 68, 69, 70, 73, 74, 75, 76, 78, 80, 81, 82, 87, 88, 89, 96, 97, 98, 100, 101, 102, 103, 106, 107, 108, 109, 112, 113, 114, 115, 117, 119, 120, 121, 126, 127, 128], "summary": {"covered_lines": 72, "num_statements": 72, "percent_covered": 100.0, "percent_covered_display": "100", "missing_lines": 0, "excluded_lines": 0}, "missing_lines": [], "excluded_lines": []}}}, "src/vasttams/webhooks/router.py": {"executed_lines": [1, 7, 8, 9, 10, 12, 13, 14, 15, 16, 18, 20, 23, 28, 29, 34, 35, 40, 41, 55, 56, 68, 69, 84, 85], "summary": {"covered_lines": 24, "num_statements": 53, "percent_covered": 45.283018867924525, "percent_covered_display": "45", "missing_lines": 29, "excluded_lines": 0}, "missing_lines": [25, 31, 37, 46, 47, 48, 49, 50, 51, 52, 62, 63, 64, 65, 75, 76, 77, 78, 79, 80, 81, 91, 92, 93, 94, 95, 96, 97, 98], "excluded_lines": [], "functions": {"get_webhook_service": {"executed_lines": [], "summary": {"covered_lines": 0, "num_statements": 1, "percent_covered": 0.0, "percent_covered_display": "0", "missing_lines": 1, "excluded_lines": 0}, "missing_lines": [25], "excluded_lines": []}, "list_webhooks": {"executed_lines": [], "summary": {"covered_lines": 0, "num_statements": 1, "percent_covered": 0.0, "percent_covered_display": "0", "missing_lines": 1, "excluded_lines": 0}, "missing_lines": [31], "excluded_lines": []}, "head_webhooks": {"executed_lines": [], "summary": {"covered_lines": 0, "num_statements": 1, "percent_covered": 0.0, "percent_covered_display": "0", "missing_lines": 1, "excluded_lines": 0}, "missing_lines": [37], "excluded_lines": []}, "create_webhook": {"executed_lines": [], "summary": {"covered_lines": 0, "num_statements": 7, "percent_covered": 0.0, "percent_covered_display": "0", "missing_lines": 7, "excluded_lines": 0}, "missing_lines": [46, 47, 48, 49, 50, 51, 52], "excluded_lines": []}, "get_webhook": {"executed_lines": [], "summary": {"covered_lines": 0, "num_statements": 4, "percent_covered": 0.0, "percent_covered_display": "0", "missing_lines": 4, "excluded_lines": 0}, "missing_lines": [62, 63, 64, 65], "excluded_lines": []}, "update_webhook": {"executed_lines": [], "summary": {"covered_lines": 0, "num_statements": 7, "percent_covered": 0.0, "percent_covered_display": "0", "missing_lines": 7, "excluded_lines": 0}, "missing_lines": [75, 76, 77, 78, 79, 80, 81], "excluded_lines": []}, "delete_webhook": {"executed_lines": [], "summary": {"covered_lines": 0, "num_statements": 8, "percent_covered": 0.0, "percent_covered_display": "0", "missing_lines": 8, "excluded_lines": 0}, "missing_lines": [91, 92, 93, 94, 95, 96, 97, 98], "excluded_lines": []}, "": {"executed_lines": [1, 7, 8, 9, 10, 12, 13, 14, 15, 16, 18, 20, 23, 28, 29, 34, 35, 40, 41, 55, 56, 68, 69, 84, 85], "summary": {"covered_lines": 24, "num_statements": 24, "percent_covered": 100.0, "percent_covered_display": "100", "missing_lines": 0, "excluded_lines": 0}, "missing_lines": [], "excluded_lines": []}}, "classes": {"": {"executed_lines": [1, 7, 8, 9, 10, 12, 13, 14, 15, 16, 18, 20, 23, 28, 29, 34, 35, 40, 41, 55, 56, 68, 69, 84, 85], "summary": {"covered_lines": 24, "num_statements": 53, "percent_covered": 45.283018867924525, "percent_covered_display": "45", "missing_lines": 29, "excluded_lines": 0}, "missing_lines": [25, 31, 37, 46, 47, 48, 49, 50, 51, 52, 62, 63, 64, 65, 75, 76, 77, 78, 79, 80, 81, 91, 92, 93, 94, 95, 96, 97, 98], "excluded_lines": []}}}, "src/vasttams/webhooks/schemas.py": {"executed_lines": [1, 7, 8, 11, 13, 34, 36], "summary": {"covered_lines": 6, "num_statements": 6, "percent_covered": 100.0, "percent_covered_display": "100", "missing_lines": 0, "excluded_lines": 0}, "missing_lines": [], "excluded_lines": [], "functions": {"get_webhooks_schema": {"executed_lines": [13], "summary": {"covered_lines": 1, "num_statements": 1, "percent_covered": 100.0, "percent_covered_display": "100", "missing_lines": 0, "excluded_lines": 0}, "missing_lines": [], "excluded_lines": []}, "get_webhooks_projections": {"executed_lines": [36], "summary": {"covered_lines": 1, "num_statements": 1, "percent_covered": 100.0, "percent_covered_display": "100", "missing_lines": 0, "excluded_lines": 0}, "missing_lines": [], "excluded_lines": []}, "": {"executed_lines": [1, 7, 8, 11, 34], "summary": {"covered_lines": 4, "num_statements": 4, "percent_covered": 100.0, "percent_covered_display": "100", "missing_lines": 0, "excluded_lines": 0}, "missing_lines": [], "excluded_lines": []}}, "classes": {"": {"executed_lines": [1, 7, 8, 11, 13, 34, 36], "summary": {"covered_lines": 6, "num_statements": 6, "percent_covered": 100.0, "percent_covered_display": "100", "missing_lines": 0, "excluded_lines": 0}, "missing_lines": [], "excluded_lines": []}}}, "src/vasttams/webhooks/service.py": {"executed_lines": [1, 7, 8, 9, 10, 12, 13, 14, 16, 19, 20, 22, 23, 25, 80, 127, 168, 277], "summary": {"covered_lines": 16, "num_statements": 180, "percent_covered": 8.88888888888889, "percent_covered_display": "9", "missing_lines": 164, "excluded_lines": 0}, "missing_lines": [27, 28, 30, 31, 32, 33, 35, 36, 37, 38, 39, 40, 43, 45, 46, 47, 48, 51, 52, 53, 54, 55, 57, 59, 60, 61, 62, 63, 64, 65, 66, 67, 68, 69, 70, 71, 72, 73, 75, 76, 77, 78, 82, 83, 85, 86, 87, 88, 89, 90, 92, 93, 94, 95, 98, 100, 101, 102, 103, 106, 107, 108, 109, 110, 112, 114, 115, 116, 117, 118, 119, 120, 122, 123, 124, 125, 129, 130, 131, 133, 135, 156, 159, 162, 163, 164, 165, 166, 170, 172, 173, 174, 177, 179, 182, 183, 184, 185, 186, 187, 188, 189, 190, 191, 192, 193, 194, 195, 196, 197, 198, 199, 200, 201, 202, 203, 204, 205, 206, 207, 210, 213, 214, 215, 217, 218, 219, 220, 221, 222, 223, 225, 227, 228, 229, 231, 232, 233, 236, 237, 239, 260, 263, 264, 267, 268, 269, 270, 271, 272, 273, 274, 275, 279, 281, 282, 283, 286, 288, 289, 290, 291, 292, 293], "excluded_lines": [], "functions": {"WebhookService.__init__": {"executed_lines": [23], "summary": {"covered_lines": 1, "num_statements": 1, "percent_covered": 100.0, "percent_covered_display": "100", "missing_lines": 0, "excluded_lines": 0}, "missing_lines": [], "excluded_lines": []}, "WebhookService.get_webhooks": {"executed_lines": [], "summary": {"covered_lines": 0, "num_statements": 42, "percent_covered": 0.0, "percent_covered_display": "0", "missing_lines": 42, "excluded_lines": 0}, "missing_lines": [27, 28, 30, 31, 32, 33, 35, 36, 37, 38, 39, 40, 43, 45, 46, 47, 48, 51, 52, 53, 54, 55, 57, 59, 60, 61, 62, 63, 64, 65, 66, 67, 68, 69, 70, 71, 72, 73, 75, 76, 77, 78], "excluded_lines": []}, "WebhookService.get_webhook": {"executed_lines": [], "summary": {"covered_lines": 0, "num_statements": 34, "percent_covered": 0.0, "percent_covered_display": "0", "missing_lines": 34, "excluded_lines": 0}, "missing_lines": [82, 83, 85, 86, 87, 88, 89, 90, 92, 93, 94, 95, 98, 100, 101, 102, 103, 106, 107, 108, 109, 110, 112, 114, 115, 116, 117, 118, 119, 120, 122, 123, 124, 125], "excluded_lines": []}, "WebhookService.create_webhook": {"executed_lines": [], "summary": {"covered_lines": 0, "num_statements": 12, "percent_covered": 0.0, "percent_covered_display": "0", "missing_lines": 12, "excluded_lines": 0}, "missing_lines": [129, 130, 131, 133, 135, 156, 159, 162, 163, 164, 165, 166], "excluded_lines": []}, "WebhookService.update_webhook": {"executed_lines": [], "summary": {"covered_lines": 0, "num_statements": 65, "percent_covered": 0.0, "percent_covered_display": "0", "missing_lines": 65, "excluded_lines": 0}, "missing_lines": [170, 172, 173, 174, 177, 179, 182, 183, 184, 185, 186, 187, 188, 189, 190, 191, 192, 193, 194, 195, 196, 197, 198, 199, 200, 201, 202, 203, 204, 205, 206, 207, 210, 213, 214, 215, 217, 218, 219, 220, 221, 222, 223, 225, 227, 228, 229, 231, 232, 233, 236, 237, 239, 260, 263, 264, 267, 268, 269, 270, 271, 272, 273, 274, 275], "excluded_lines": []}, "WebhookService.delete_webhook": {"executed_lines": [], "summary": {"covered_lines": 0, "num_statements": 11, "percent_covered": 0.0, "percent_covered_display": "0", "missing_lines": 11, "excluded_lines": 0}, "missing_lines": [279, 281, 282, 283, 286, 288, 289, 290, 291, 292, 293], "excluded_lines": []}, "": {"executed_lines": [1, 7, 8, 9, 10, 12, 13, 14, 16, 19, 20, 22, 25, 80, 127, 168, 277], "summary": {"covered_lines": 15, "num_statements": 15, "percent_covered": 100.0, "percent_covered_display": "100", "missing_lines": 0, "excluded_lines": 0}, "missing_lines": [], "excluded_lines": []}}, "classes": {"WebhookService": {"executed_lines": [23], "summary": {"covered_lines": 1, "num_statements": 165, "percent_covered": 0.6060606060606061, "percent_covered_display": "1", "missing_lines": 164, "excluded_lines": 0}, "missing_lines": [27, 28, 30, 31, 32, 33, 35, 36, 37, 38, 39, 40, 43, 45, 46, 47, 48, 51, 52, 53, 54, 55, 57, 59, 60, 61, 62, 63, 64, 65, 66, 67, 68, 69, 70, 71, 72, 73, 75, 76, 77, 78, 82, 83, 85, 86, 87, 88, 89, 90, 92, 93, 94, 95, 98, 100, 101, 102, 103, 106, 107, 108, 109, 110, 112, 114, 115, 116, 117, 118, 119, 120, 122, 123, 124, 125, 129, 130, 131, 133, 135, 156, 159, 162, 163, 164, 165, 166, 170, 172, 173, 174, 177, 179, 182, 183, 184, 185, 186, 187, 188, 189, 190, 191, 192, 193, 194, 195, 196, 197, 198, 199, 200, 201, 202, 203, 204, 205, 206, 207, 210, 213, 214, 215, 217, 218, 219, 220, 221, 222, 223, 225, 227, 228, 229, 231, 232, 233, 236, 237, 239, 260, 263, 264, 267, 268, 269, 270, 271, 272, 273, 274, 275, 279, 281, 282, 283, 286, 288, 289, 290, 291, 292, 293], "excluded_lines": []}, "": {"executed_lines": [1, 7, 8, 9, 10, 12, 13, 14, 16, 19, 20, 22, 25, 80, 127, 168, 277], "summary": {"covered_lines": 15, "num_statements": 15, "percent_covered": 100.0, "percent_covered_display": "100", "missing_lines": 0, "excluded_lines": 0}, "missing_lines": [], "excluded_lines": []}}}}, "totals": {"covered_lines": 2911, "num_statements": 9223, "percent_covered": 31.56239835194622, "percent_covered_display": "32", "missing_lines": 6312, "excluded_lines": 2}}